2025-07-08 16:52:43,895 - INFO - [16:52:43.854] - serial type is general
2025-07-08 16:52:49,090 - ERROR - [16:52:49.088] - Open COM4 Fail
2025-07-08 16:52:49,235 - INFO - [16:52:49.234] - Flash load shake hand
2025-07-08 16:52:49,236 - INFO - [16:52:49.236] - 'NoneType' object has no attribute 'if_init'
2025-07-08 16:52:49,237 - ERROR - [16:52:49.237] - ErrorCode: 0006, ErrorMsg: BFLB LOG READ FAIL
2025-07-08 16:52:49,239 - INFO - Traceback (most recent call last):
2025-07-08 16:52:49,239 - INFO - File "libs\bflb_eflash_loader.py", line 2363, in log_read_process
2025-07-08 16:52:49,239 - INFO - File "libs\bflb_eflash_loader.py", line 564, in img_load_shake_hand
2025-07-08 16:52:49,239 - ERROR - AttributeError: 'NoneType' object has no attribute 'if_init'
2025-07-08 16:52:52,508 - INFO - [16:52:52.508] - serial type is bouffalo
2025-07-08 16:52:52,553 - INFO - [16:52:52.552] - Open COM3 Success
2025-07-08 16:52:52,579 - INFO - [16:52:52.579] - dynamic
2025-07-08 16:52:52,579 - INFO - [16:52:52.579] - memory init success, ocram heap size = 429 Kbyte
2025-07-08 16:52:52,580 - INFO - ____               __  __      _       _       _
2025-07-08 16:52:52,580 - INFO - |
2025-07-08 16:52:52,580 - INFO - [16:52:52.580] - _ \             / _|/ _|    | |     | |     | |
2025-07-08 16:52:52,580 - INFO - | |
2025-07-08 16:52:52,580 - INFO - [16:52:52.580] - _) | ___  _   _| |_| |_ __ _| |
2025-07-08 16:52:52,580 - INFO - [16:52:52.580] - ___ | | __ _| |_
2025-07-08 16:52:52,580 - INFO - [16:52:52.580] - _
2025-07-08 16:52:52,580 - INFO - |  _ < / _
2025-07-08 16:52:52,580 - INFO - [16:52:52.580] -  \| | | |  _|  _/ _` | |/ _ \| |/ _` | '_ \
2025-07-08 16:52:52,580 - INFO - | |_) | (_) | |_| | |
2025-07-08 16:52:52,581 - INFO - [16:52:52.580] - | || (_| | | (_) | | (_| | |_) |
2025-07-08 16:52:52,581 - INFO - [16:52:52.581] -
2025-07-08 16:52:52,581 - INFO - |____/ \___/ \__,_|_| |_| \__,_|_|\___/|_|\__,_|_.__/
2025-07-08 16:52:52,581 - INFO - Build:16:50:40, Jul  8 2
2025-07-08 16:52:52,583 - INFO - [16:52:52.581] - 025
2025-07-08 16:52:52,584 - INFO - Copyright (c) 2022 Bouffalolab team
2025-07-08 16:52:52,585 - INFO - [16:52:52.585] -
2025-07-08 16:52:52,586 - INFO - Version of used components:
2025-07-08 16:52:52,586 - INFO - Version: component_version_lhal: V2.0.0-123-g811e8c1f-dirty
2025-07-08 16:52:52,586 - INFO - Version: component_version_sdk: 2.2.0
2025-07-08 16:52:52,587 - INFO - Boot2 maybe not exist!
2025-07-08 16:52:52,588 - INFO - ======== flash cfg ========
2025-07-08 16:52:52,588 - INFO - flash clock      80MHz
2025-07-08 16:52:52,589 - INFO - flash delay      105,130,3
2025-07-08 16:52:52,589 - INFO - flash size       0x00800000
2025-07-08 16:52:52,589 - INFO - jedec id         0x1740EF
2025-07-08 16:52:52,590 - INFO - mid              0xEF
2025-07-08 16:52:52,590 - INFO - iomode           0x04
2025-07-08 16:52:52,590 - INFO - clk delay        0x01
2025-07-08 16:52:52,591 - INFO - clk invert       0x03
2025-07-08 16:52:52,591 - INFO - read reg cmd0    0x05
2025-07-08 16:52:52,592 - INFO - read reg cmd1    0x35
2025-07-08 16:52:52,592 - INFO - write reg cmd0   0x01
2025-07-08 16:52:52,592 - INFO - write reg cmd1   0x31
2025-07-08 16:52:52,592 - INFO - qe write len     0x01
2025-07-08 16:52:52,592 - INFO - cread support    0x00
2025-07-08 16:52:52,593 - INFO - cread code       0xFF
2025-07-08 16:52:52,593 - INFO - burst wrap cmd   0x77
2025-07-08 16:52:52,593 - INFO - ===========================
2025-07-08 16:52:52,593 - INFO - uart  sig1:ffffffff, sig2:0000f32f
2025-07-08 16:52:52,593 - INFO - clock gen1:9ffffffd, gen2:0fff0c11
2025-07-08 16:52:52,593 - INFO - board init done
2025-07-08 16:52:52,593 - INFO - ======
2025-07-08 16:52:52,593 - INFO - [16:52:52.593] - =====================
2025-07-08 16:52:52,593 - INFO - GAME_STARTGAME_PROCESS 0 0 0 0 0 0 0 0GAME_PROCESS 1 0 0 0 0 0 0 0GAME_PROCESS 0 1 0 0 0 0 0 0GAME_PROCESS 0 1 0 0 0 0 0 0GAME_PROCESS 0 1 0 0 0 0 0 1GAME_PROCESS 0 1 0 0 0 0 1 0GAME_PROCESS 0 1 0 0 0 0 1 0
2025-07-08 16:54:58,271 - INFO - [16:54:58.270] - serial type is bouffalo
2025-07-08 16:54:58,309 - INFO - [16:54:58.307] - Open COM3 Success
2025-07-08 16:54:58,334 - INFO - [16:54:58.333] - dynamic
2025-07-08 16:54:58,334 - INFO - [16:54:58.334] - memory init success, ocram heap size = 429 Kbyte
2025-07-08 16:54:58,334 - INFO - ____               __  __      _
2025-07-08 16:54:58,334 - INFO - [16:54:58.334] -      _       _
2025-07-08 16:54:58,334 - INFO - |  _ \             / _|/ _|
2025-07-08 16:54:58,334 - INFO - [16:54:58.334] -     | |     | |     | |
2025-07-08 16:54:58,334 - INFO - | |
2025-07-08 16:54:58,335 - INFO - [16:54:58.334] - _) | ___  _   _| |_| |_
2025-07-08 16:54:58,335 - INFO - [16:54:58.335] - __ _| |
2025-07-08 16:54:58,335 - INFO - [16:54:58.335] - ___ | | __ _| |__
2025-07-08 16:54:58,335 - INFO - |
2025-07-08 16:54:58,335 - INFO - [16:54:58.335] -  _ < / _ \| | | |  _|  _/ _` | |/
2025-07-08 16:54:58,335 - INFO - [16:54:58.335] - _ \| |/ _` | '_ \
2025-07-08 16:54:58,335 - INFO - [16:54:58.335] -
2025-07-08 16:54:58,335 - INFO - | |_) | (_) | |_| |
2025-07-08 16:54:58,335 - INFO - [16:54:58.335] - | | || (
2025-07-08 16:54:58,335 - INFO - [16:54:58.335] - _| | | (_) | | (
2025-07-08 16:54:58,335 - INFO - [16:54:58.335] - _| | |_) |
2025-07-08 16:54:58,335 - INFO - |____/ \___
2025-07-08 16:54:58,335 - INFO - [16:54:58.335] - / \__,_|_| |_| \
2025-07-08 16:54:58,335 - INFO - [16:54:58.335] - __,_|_|\___/|_|\__
2025-07-08 16:54:58,336 - INFO - [16:54:58.336] - ,_|_.__/
2025-07-08 16:54:58,336 - INFO - Build:16:50:40, Jul
2025-07-08 16:54:58,336 - INFO - [16:54:58.336] -   8 2025
2025-07-08 16:54:58,336 - INFO - Copyrigh
2025-07-08 16:54:58,336 - INFO - [16:54:58.336] - t (c) 2022 Bouffalolab t
2025-07-08 16:54:58,336 - INFO - [16:54:58.336] - eam
2025-07-08 16:54:58,336 - INFO - Version of
2025-07-08 16:54:58,336 - INFO - [16:54:58.336] - used components:
2025-07-08 16:54:58,336 - INFO - [16:54:58.336] -
2025-07-08 16:54:58,336 - INFO - Version: component_ve
2025-07-08 16:54:58,336 - INFO - [16:54:58.336] - rsion_lhal: V2.0.
2025-07-08 16:54:58,336 - INFO - [16:54:58.336] - 0-123-g811e8c1f-dirty
2025-07-08 16:54:58,336 - INFO - [16:54:58.336] - Version: compone
2025-07-08 16:54:58,336 - INFO - [16:54:58.336] - nt_versi
2025-07-08 16:54:58,337 - INFO - [16:54:58.337] - on_sdk: 2.2.0
2025-07-08 16:54:58,337 - INFO - Boot2 ma
2025-07-08 16:54:58,337 - INFO - [16:54:58.337] - ybe not exist!
2025-07-08 16:54:58,337 - INFO - [16:54:58.337] - ======== flash cf
2025-07-08 16:54:58,337 - INFO - [16:54:58.337] - g ========
2025-07-08 16:54:58,337 - INFO - flash clock
2025-07-08 16:54:58,337 - INFO - [16:54:58.337] -      80MHz
2025-07-08 16:54:58,337 - INFO - flash delay      105
2025-07-08 16:54:58,337 - INFO - [16:54:58.337] - ,130,3
2025-07-08 16:54:58,338 - INFO - flash size       0x00800000
2025-07-08 16:54:58,338 - INFO - jedec id         0x1740EF
2025-07-08 16:54:58,338 - INFO - mid
2025-07-08 16:54:58,338 - INFO - [16:54:58.338] -  0xEF
2025-07-08 16:54:58,338 - INFO - iomode           0x04
2025-07-08 16:54:58,338 - INFO - clk delay        0x
2025-07-08 16:54:58,338 - INFO - [16:54:58.338] - 01
2025-07-08 16:54:58,338 - INFO - clk invert       0x03
2025-07-08 16:54:58,338 - INFO - read
2025-07-08 16:54:58,338 - INFO - [16:54:58.338] - reg cmd0    0x05
2025-07-08 16:54:58,338 - INFO - read reg cmd1
2025-07-08 16:54:58,338 - INFO - [16:54:58.338] -    0x35
2025-07-08 16:54:58,338 - INFO - [16:54:58.338] -
2025-07-08 16:54:58,338 - INFO - write reg cmd0   0x01
2025-07-08 16:54:58,338 - INFO - [16:54:58.338] - write reg cmd1
2025-07-08 16:54:58,338 - INFO - [16:54:58.338] - 0x31
2025-07-08 16:54:58,338 - INFO - qe write l
2025-07-08 16:54:58,338 - INFO - [16:54:58.338] - en     0
2025-07-08 16:54:58,338 - INFO - [16:54:58.338] - x01
2025-07-08 16:54:58,338 - INFO - cread support    0x0
2025-07-08 16:54:58,339 - INFO - [16:54:58.339] - 0
2025-07-08 16:54:58,339 - INFO - cread code       0xFF
2025-07-08 16:54:58,339 - INFO - [16:54:58.339] -
2025-07-08 16:54:58,339 - INFO - burst wrap cmd
2025-07-08 16:54:58,339 - INFO - [16:54:58.339] -   0x77
2025-07-08 16:54:58,339 - INFO - ===================
2025-07-08 16:54:58,339 - INFO - [16:54:58.339] - ========
2025-07-08 16:54:58,339 - INFO - uart  sig1:ffffffff, si
2025-07-08 16:54:58,339 - INFO - [16:54:58.339] - g2:0000f32f
2025-07-08 16:54:58,339 - INFO - clo
2025-07-08 16:54:58,339 - INFO - [16:54:58.339] - ck gen1:9ffffffd, gen2:0
2025-07-08 16:54:58,339 - INFO - [16:54:58.339] - fff0c11
2025-07-08 16:54:58,339 - INFO - [16:54:58.339] - board init done
2025-07-08 16:54:58,339 - INFO - =======
2025-07-08 16:54:58,339 - INFO - [16:54:58.339] - ================
2025-07-08 16:54:58,339 - INFO - [16:54:58.339] - ====
2025-07-08 16:54:58,340 - INFO - GAME_START
2025-07-08 16:54:58,390 - INFO - [16:54:58.390] - GAME_PROC
2025-07-08 16:54:58,392 - INFO - [16:54:58.391] - ESS 0 0 0 0 0 0 0 0
2025-07-08 16:54:58,440 - INFO - [16:54:58.440] - GAME_PRO
2025-07-08 16:54:58,441 - INFO - [16:54:58.441] - CESS 1 0 0 0 0 0 0 0
2025-07-08 16:54:58,490 - INFO - [16:54:58.489] - GAME_PRO
2025-07-08 16:54:58,490 - INFO - [16:54:58.490] - CESS 0 1 0 0 0 0 0 0
2025-07-08 16:54:58,539 - INFO - [16:54:58.539] - GAME_PRO
2025-07-08 16:54:58,540 - INFO - [16:54:58.540] - CESS 0 1 0 0 0 0 0 0
2025-07-08 16:54:58,590 - INFO - [16:54:58.590] - GAME_PROC
2025-07-08 16:54:58,590 - INFO - [16:54:58.590] - ESS 0 1 0 0 0 0 0 1
2025-07-08 16:54:58,640 - INFO - [16:54:58.639] - GAME_PRO
2025-07-08 16:54:58,640 - INFO - [16:54:58.640] - CESS 0 1 0 0 0 0 1 0
2025-07-08 16:54:58,690 - INFO - [16:54:58.690] - GAME_PRO
2025-07-08 16:54:58,691 - INFO - [16:54:58.690] - CESS 0 1 0 0 0 0 1 0
2025-07-08 16:54:58,740 - INFO - [16:54:58.740] - GAME_STA
2025-07-08 16:54:58,741 - INFO - [16:54:58.741] - RT
2025-07-08 16:54:58,790 - INFO - [16:54:58.790] - GAME_PRO
2025-07-08 16:54:58,791 - INFO - [16:54:58.791] - CESS 0 0 0 0 0 0 0 0
2025-07-08 16:54:58,840 - INFO - [16:54:58.840] - GAME_PRO
2025-07-08 16:54:58,841 - INFO - [16:54:58.841] - CESS 1 0 0 0 0 0 0 0
2025-07-08 16:54:58,890 - INFO - [16:54:58.890] - GAME_PRO
2025-07-08 16:54:58,890 - INFO - [16:54:58.890] - CESS 0 1 0 0 0 0 0 0
2025-07-08 16:54:58,940 - INFO - [16:54:58.939] - GAME_PRO
2025-07-08 16:54:58,940 - INFO - [16:54:58.940] - CESS 0 1 0 0 0 0 0 0
2025-07-08 16:54:58,990 - INFO - [16:54:58.990] - GAME_PROC
2025-07-08 16:54:58,991 - INFO - [16:54:58.991] - ESS 0 1 0 0 0 0 0 1
2025-07-08 16:54:59,040 - INFO - [16:54:59.040] - GAME_PRO
2025-07-08 16:54:59,041 - INFO - [16:54:59.041] - CESS 0 1 0 0 0 0 1 0
2025-07-08 16:54:59,091 - INFO - [16:54:59.090] - GAME_PROC
2025-07-08 16:54:59,091 - INFO - [16:54:59.091] - ESS 0 1 0 0 0 0 1 0
2025-07-08 16:54:59,140 - INFO - [16:54:59.140] - GAME_STA
2025-07-08 16:54:59,142 - INFO - [16:54:59.142] - RT
2025-07-08 16:54:59,190 - INFO - [16:54:59.190] - GAME_PRO
2025-07-08 16:54:59,190 - INFO - [16:54:59.190] - CESS 0 0 0 0 0 0 0 0
2025-07-08 16:54:59,241 - INFO - [16:54:59.240] - GAME_PRO
2025-07-08 16:54:59,241 - INFO - [16:54:59.241] - CESS 1 0 0 0 0 0 0 0
2025-07-08 16:54:59,290 - INFO - [16:54:59.290] - GAME_PRO
2025-07-08 16:54:59,291 - INFO - [16:54:59.290] - CESS 0 1 0 0 0 0 0 0
2025-07-08 16:54:59,340 - INFO - [16:54:59.340] - GAME_PRO
2025-07-08 16:54:59,341 - INFO - [16:54:59.340] - CESS 0 1 0 0 0 0 0 0
2025-07-08 16:54:59,391 - INFO - [16:54:59.390] - GAME_PRO
2025-07-08 16:54:59,391 - INFO - [16:54:59.391] - CESS 0 1 0 0 0 0 0 1
2025-07-08 16:54:59,441 - INFO - [16:54:59.440] - GAME_PRO
2025-07-08 16:54:59,441 - INFO - [16:54:59.441] - CESS 0 1 0 0 0 0 1 0
2025-07-08 16:54:59,490 - INFO - [16:54:59.490] - GAME_PRO
2025-07-08 16:54:59,491 - INFO - [16:54:59.491] - CESS 0 1 0 0 0 0 1 0
2025-07-08 16:54:59,540 - INFO - [16:54:59.540] - GAME_STA
2025-07-08 16:54:59,541 - INFO - [16:54:59.541] - RT
2025-07-08 16:54:59,591 - INFO - [16:54:59.591] - GAME_PRO
2025-07-08 16:54:59,591 - INFO - [16:54:59.591] - CESS 0 0 0 0 0 0 0 0
2025-07-08 16:54:59,641 - INFO - [16:54:59.641] - GAME_PRO
2025-07-08 16:54:59,642 - INFO - [16:54:59.642] - CESS 1 0 0 0 0 0 0 0
2025-07-08 16:54:59,691 - INFO - [16:54:59.691] - GAME_PRO
2025-07-08 16:54:59,692 - INFO - [16:54:59.691] - CESS 0 1 0 0 0 0
2025-07-08 16:54:59,692 - INFO - [16:54:59.692] -  0 0
2025-07-08 16:54:59,741 - INFO - [16:54:59.741] - GAME_PRO
2025-07-08 16:54:59,742 - INFO - [16:54:59.742] - CESS 0 1 0 0 0 0 0 0
2025-07-08 16:54:59,791 - INFO - [16:54:59.790] - GAME_PRO
2025-07-08 16:54:59,791 - INFO - [16:54:59.791] - CESS 0 1 0 0 0 0 0 1
2025-07-08 16:54:59,841 - INFO - [16:54:59.841] - GAME_PRO
2025-07-08 16:54:59,842 - INFO - [16:54:59.842] - CESS 0 1 0 0 0 0 1 0
2025-07-08 16:54:59,890 - INFO - [16:54:59.890] - GAME_PRO
2025-07-08 16:54:59,892 - INFO - [16:54:59.892] - CESS 0 1 0 0 0 0 1 0
2025-07-08 16:54:59,941 - INFO - [16:54:59.941] - GAME_STA
2025-07-08 16:54:59,942 - INFO - [16:54:59.941] - RT
2025-07-08 16:54:59,991 - INFO - [16:54:59.990] - GAME_PRO
2025-07-08 16:54:59,991 - INFO - [16:54:59.991] - CESS 0 0 0 0 0 0 0 0
2025-07-08 16:55:00,042 - INFO - [16:55:00.040] - GAME_PRO
2025-07-08 16:55:00,042 - INFO - [16:55:00.042] - CESS 1 0 0 0 0 0 0 0
2025-07-08 16:55:00,091 - INFO - [16:55:00.090] - GAME_PRO
2025-07-08 16:55:00,091 - INFO - [16:55:00.091] - CESS 0 1 0 0 0 0 0 0
2025-07-08 16:55:00,142 - INFO - [16:55:00.141] - GAME_PRO
2025-07-08 16:55:00,142 - INFO - [16:55:00.142] - CESS 0 1 0 0 0 0 0 0
2025-07-08 16:55:00,191 - INFO - [16:55:00.190] - GAME_PRO
2025-07-08 16:55:00,191 - INFO - [16:55:00.191] - CESS 0 1 0 0 0 0 0 1
2025-07-08 16:55:00,241 - INFO - [16:55:00.241] - GAME_PRO
2025-07-08 16:55:00,242 - INFO - [16:55:00.241] - CESS 0 1 0 0 0 0 1 0
2025-07-08 16:55:00,291 - INFO - [16:55:00.290] - GAME_PRO
2025-07-08 16:55:00,291 - INFO - [16:55:00.291] - CESS 0 1 0 0 0 0 1 0
2025-07-08 16:55:00,341 - INFO - [16:55:00.341] - GAME_STA
2025-07-08 16:55:00,342 - INFO - [16:55:00.342] - RT
2025-07-08 16:55:00,391 - INFO - [16:55:00.391] - GAME_PROC
2025-07-08 16:55:00,392 - INFO - [16:55:00.392] - ESS 0 0 0 0 0 0 0 0
2025-07-08 16:55:00,441 - INFO - [16:55:00.441] - GAME_PRO
2025-07-08 16:55:00,441 - INFO - [16:55:00.441] - CESS 1 0 0 0 0 0 0 0
2025-07-08 16:55:00,492 - INFO - [16:55:00.491] - GAME_PRO
2025-07-08 16:55:00,492 - INFO - [16:55:00.492] - CESS 0 1 0 0 0 0 0 0
2025-07-08 16:55:00,541 - INFO - [16:55:00.541] - GAME_PRO
2025-07-08 16:55:00,542 - INFO - [16:55:00.542] - CESS 0 1 0 0 0 0 0 0
2025-07-08 16:55:00,590 - INFO - [16:55:00.590] - GAME_PRO
2025-07-08 16:55:00,592 - INFO - [16:55:00.590] - CESS 0 1 0 0 0 0 0 1
2025-07-08 16:55:00,641 - INFO - [16:55:00.641] - GAME_PRO
2025-07-08 16:55:00,645 - INFO - [16:55:00.645] - CESS 0 1 0 0 0 0 1 0
2025-07-08 16:55:00,691 - INFO - [16:55:00.691] - GAME_PRO
2025-07-08 16:55:00,693 - INFO - [16:55:00.693] - CESS 0 1 0 0 0 0 1 0
2025-07-08 16:55:00,741 - INFO - [16:55:00.740] - GAME_STA
2025-07-08 16:55:00,741 - INFO - [16:55:00.741] - RT
2025-07-08 16:55:00,791 - INFO - [16:55:00.790] - GAME_PRO
2025-07-08 16:55:00,792 - INFO - [16:55:00.792] - CESS 0 0 0 0 0 0 0 0
2025-07-08 16:55:00,840 - INFO - [16:55:00.840] - GAME_PRO
2025-07-08 16:55:00,841 - INFO - [16:55:00.840] - CESS 1 0 0 0 0 0 0 0
2025-07-08 16:55:00,891 - INFO - [16:55:00.891] - GAME_PRO
2025-07-08 16:55:00,893 - INFO - [16:55:00.893] - CESS 0 1 0 0 0 0 0 0
2025-07-08 16:55:00,941 - INFO - [16:55:00.941] - GAME_PRO
2025-07-08 16:55:00,942 - INFO - [16:55:00.941] - CESS 0 1 0 0 0 0 0 0
2025-07-08 16:55:00,991 - INFO - [16:55:00.991] - GAME_PRO
2025-07-08 16:55:00,991 - INFO - [16:55:00.991] - CESS 0 1 0 0 0 0 0 1
2025-07-08 16:55:01,041 - INFO - [16:55:01.041] - GAME_PRO
2025-07-08 16:55:01,042 - INFO - [16:55:01.042] - CESS 0 1 0 0 0 0 1 0
2025-07-08 16:55:01,091 - INFO - [16:55:01.091] - GAME_PRO
2025-07-08 16:55:01,091 - INFO - [16:55:01.091] - CESS 0 1 0 0 0 0 1 0
2025-07-08 16:55:01,141 - INFO - [16:55:01.141] - GAME_STA
2025-07-08 16:55:01,143 - INFO - [16:55:01.143] - RT
2025-07-08 16:55:01,191 - INFO - [16:55:01.191] - GAME_PRO
2025-07-08 16:55:01,191 - INFO - [16:55:01.191] - CESS 0 0 0 0 0 0
2025-07-08 16:55:01,193 - INFO - [16:55:01.193] -  0 0
2025-07-08 16:55:01,241 - INFO - [16:55:01.241] - GAME_PRO
2025-07-08 16:55:01,241 - INFO - [16:55:01.241] - CESS 1 0 0 0 0 0 0 0
2025-07-08 16:55:01,291 - INFO - [16:55:01.290] - GAME_PRO
2025-07-08 16:55:01,291 - INFO - [16:55:01.291] - CESS 0 1 0 0 0 0 0 0
2025-07-08 16:55:01,341 - INFO - [16:55:01.341] - GAME_PRO
2025-07-08 16:55:01,341 - INFO - [16:55:01.341] - CESS 0 1 0 0 0 0 0 0
2025-07-08 16:55:01,391 - INFO - [16:55:01.390] - GAME_PRO
2025-07-08 16:55:01,391 - INFO - [16:55:01.391] - CESS 0 1 0 0 0 0 0 1
2025-07-08 16:55:01,443 - INFO - [16:55:01.441] - GAME_PRO
2025-07-08 16:55:01,443 - INFO - [16:55:01.443] - CESS 0 1 0 0 0 0 1 0
2025-07-08 16:55:01,491 - INFO - [16:55:01.491] - GAME_PRO
2025-07-08 16:55:01,491 - INFO - [16:55:01.491] - CESS 0 1 0 0 0 0 1 0
2025-07-08 16:55:01,541 - INFO - [16:55:01.541] - GAME_STA
2025-07-08 16:55:01,542 - INFO - [16:55:01.542] - RT
2025-07-08 16:55:01,591 - INFO - [16:55:01.591] - GAME_PRO
2025-07-08 16:55:01,592 - INFO - [16:55:01.592] - CESS 0 0 0 0 0 0 0 0
2025-07-08 16:55:01,641 - INFO - [16:55:01.641] - GAME_PRO
2025-07-08 16:55:01,642 - INFO - [16:55:01.642] - CESS 1 0 0 0 0 0 0 0
2025-07-08 16:55:01,692 - INFO - [16:55:01.690] - GAME_PRO
2025-07-08 16:55:01,692 - INFO - [16:55:01.692] - CESS 0 1 0 0 0 0 0 0
2025-07-08 16:55:01,741 - INFO - [16:55:01.741] - GAME_PRO
2025-07-08 16:55:01,742 - INFO - [16:55:01.742] - CESS 0 1 0 0 0 0 0 0
2025-07-08 16:55:01,792 - INFO - [16:55:01.790] - GAME_PRO
2025-07-08 16:55:01,792 - INFO - [16:55:01.792] - CESS 0 1 0 0 0 0 0 1
2025-07-08 16:55:01,841 - INFO - [16:55:01.841] - GAME_PRO
2025-07-08 16:55:01,842 - INFO - [16:55:01.842] - CESS 0 1 0 0 0 0 1 0
2025-07-08 16:55:01,891 - INFO - [16:55:01.891] - GAME_PRO
2025-07-08 16:55:01,893 - INFO - [16:55:01.892] - CESS 0 1 0 0 0 0 1 0
2025-07-08 16:55:01,942 - INFO - [16:55:01.941] - GAME_STA
2025-07-08 16:55:01,943 - INFO - [16:55:01.943] - RT
2025-07-08 16:55:01,992 - INFO - [16:55:01.990] - GAME_PRO
2025-07-08 16:55:01,992 - INFO - [16:55:01.992] - CESS 0 0 0 0 0 0 0 0
2025-07-08 16:55:02,041 - INFO - [16:55:02.041] - GAME_PROC
2025-07-08 16:55:02,042 - INFO - [16:55:02.041] - ESS 1 0 0 0 0 0 0 0
2025-07-08 16:55:02,091 - INFO - [16:55:02.091] - GAME_PRO
2025-07-08 16:55:02,092 - INFO - [16:55:02.092] - CESS 0 1 0 0 0 0 0 0
2025-07-08 16:55:02,142 - INFO - [16:55:02.141] - GAME_PRO
2025-07-08 16:55:02,142 - INFO - [16:55:02.142] - CESS 0 1 0 0 0 0 0 0
2025-07-08 16:55:02,192 - INFO - [16:55:02.191] - GAME_PRO
2025-07-08 16:55:02,192 - INFO - [16:55:02.192] - CESS 0 1 0 0 0 0 0 1
2025-07-08 16:55:02,241 - INFO - [16:55:02.241] - GAME_PRO
2025-07-08 16:55:02,241 - INFO - [16:55:02.241] - CESS 0 1 0 0 0 0 1 0
2025-07-08 16:55:02,291 - INFO - [16:55:02.291] - GAME_PRO
2025-07-08 16:55:02,292 - INFO - [16:55:02.292] - CESS 0 1 0 0 0 0 1 0
2025-07-08 16:55:02,341 - INFO - [16:55:02.341] - GAME_STA
2025-07-08 16:55:02,341 - INFO - [16:55:02.341] - RT
2025-07-08 16:55:02,391 - INFO - [16:55:02.391] - GAME_PRO
2025-07-08 16:55:02,392 - INFO - [16:55:02.391] - CESS 0 0 0 0 0 0 0 0
2025-07-08 16:55:02,442 - INFO - [16:55:02.441] - GAME_PRO
2025-07-08 16:55:02,442 - INFO - [16:55:02.442] - CESS 1 0 0 0 0 0 0 0
2025-07-08 16:55:02,491 - INFO - [16:55:02.491] - GAME_PRO
2025-07-08 16:55:02,492 - INFO - [16:55:02.492] - CESS 0 1 0 0 0 0 0 0
2025-07-08 16:55:02,542 - INFO - [16:55:02.542] - GAME_PRO
2025-07-08 16:55:02,543 - INFO - [16:55:02.543] - CESS 0 1 0 0 0 0 0 0
2025-07-08 16:55:02,592 - INFO - [16:55:02.592] - GAME_PRO
2025-07-08 16:55:02,594 - INFO - [16:55:02.594] - CESS 0 1 0 0 0 0 0 1
2025-07-08 16:55:02,642 - INFO - [16:55:02.641] - GAME_PRO
2025-07-08 16:55:02,642 - INFO - [16:55:02.642] - CESS 0 1 0 0 0 0 1 0
2025-07-08 16:55:02,691 - INFO - [16:55:02.691] - GAME_PRO
2025-07-08 16:55:02,693 - INFO - [16:55:02.691] - CESS 0 1 0 0 0 0 1 0
2025-07-08 16:55:02,742 - INFO - [16:55:02.742] - GAME_STA
2025-07-08 16:55:02,743 - INFO - [16:55:02.742] - RT
2025-07-08 16:55:02,792 - INFO - [16:55:02.792] - GAME_PRO
2025-07-08 16:55:02,792 - INFO - [16:55:02.792] - CESS 0 0 0 0 0 0
2025-07-08 16:55:02,793 - INFO - [16:55:02.793] -  0 0
2025-07-08 16:55:02,841 - INFO - [16:55:02.841] - GAME_PRO
2025-07-08 16:55:02,842 - INFO - [16:55:02.842] - CESS 1 0 0 0 0 0 0 0
2025-07-08 16:55:02,892 - INFO - [16:55:02.892] - GAME_PRO
2025-07-08 16:55:02,892 - INFO - [16:55:02.892] - CESS 0 1 0 0 0 0 0 0
2025-07-08 16:55:02,942 - INFO - [16:55:02.941] - GAME_PROC
2025-07-08 16:55:02,942 - INFO - [16:55:02.942] - ESS 0 1 0 0 0 0 0 0
2025-07-08 16:55:02,992 - INFO - [16:55:02.992] - GAME_PRO
2025-07-08 16:55:02,992 - INFO - [16:55:02.992] - CESS 0 1 0 0 0 0 0 1
2025-07-08 16:55:03,042 - INFO - [16:55:03.042] - GAME_PRO
2025-07-08 16:55:03,042 - INFO - [16:55:03.042] - CESS 0 1 0 0 0 0 1 0
2025-07-08 16:55:03,091 - INFO - [16:55:03.091] - GAME_PROC
2025-07-08 16:55:03,093 - INFO - [16:55:03.093] - ESS 0 1 0 0 0 0 1 0
2025-07-08 16:55:03,141 - INFO - [16:55:03.141] - GAME_STA
2025-07-08 16:55:03,142 - INFO - [16:55:03.142] - RT
2025-07-08 16:55:03,192 - INFO - [16:55:03.192] - GAME_PRO
2025-07-08 16:55:03,192 - INFO - [16:55:03.192] - CESS 0 0 0 0 0 0 0 0
2025-07-08 16:55:03,242 - INFO - [16:55:03.241] - GAME_PRO
2025-07-08 16:55:03,242 - INFO - [16:55:03.242] - CESS 1 0 0 0 0 0 0 0
2025-07-08 16:55:03,292 - INFO - [16:55:03.292] - GAME_PRO
2025-07-08 16:55:03,292 - INFO - [16:55:03.292] - CESS 0 1 0 0 0 0 0 0
2025-07-08 16:55:03,342 - INFO - [16:55:03.342] - GAME_PROC
2025-07-08 16:55:03,343 - INFO - [16:55:03.343] - ESS 0 1 0 0 0 0 0 0
2025-07-08 16:55:03,392 - INFO - [16:55:03.392] - GAME_PRO
2025-07-08 16:55:03,392 - INFO - [16:55:03.392] - CESS 0 1 0 0 0 0 0 1
2025-07-08 16:55:03,442 - INFO - [16:55:03.442] - GAME_PRO
2025-07-08 16:55:03,442 - INFO - [16:55:03.442] - CESS 0 1 0 0 0 0 1 0
2025-07-08 16:55:03,491 - INFO - [16:55:03.491] - GAME_PRO
2025-07-08 16:55:03,492 - INFO - [16:55:03.492] - CESS 0 1 0 0 0 0 1 0
2025-07-08 16:55:03,542 - INFO - [16:55:03.542] - GAME_STA
2025-07-08 16:55:03,543 - INFO - [16:55:03.543] - RT
2025-07-08 16:55:03,592 - INFO - [16:55:03.592] - GAME_PRO
2025-07-08 16:55:03,594 - INFO - [16:55:03.594] - CESS 0 0 0 0 0 0 0 0
2025-07-08 16:55:03,642 - INFO - [16:55:03.642] - GAME_PRO
2025-07-08 16:55:03,642 - INFO - [16:55:03.642] - CESS 1 0 0 0 0 0 0 0
2025-07-08 16:55:03,692 - INFO - [16:55:03.692] - GAME_PRO
2025-07-08 16:55:03,693 - INFO - [16:55:03.693] - CESS 0 1 0 0 0 0 0 0
2025-07-08 16:55:03,742 - INFO - [16:55:03.742] - GAME_PRO
2025-07-08 16:55:03,742 - INFO - [16:55:03.742] - CESS 0 1 0 0 0 0 0 0
2025-07-08 16:55:03,792 - INFO - [16:55:03.792] - GAME_PRO
2025-07-08 16:55:03,792 - INFO - [16:55:03.792] - CESS 0 1 0 0 0 0 0 1
2025-07-08 16:55:03,842 - INFO - [16:55:03.842] - GAME_PRO
2025-07-08 16:55:03,842 - INFO - [16:55:03.842] - CESS 0 1 0 0 0 0 1 0
2025-07-08 16:55:03,892 - INFO - [16:55:03.892] - GAME_PRO
2025-07-08 16:55:03,893 - INFO - [16:55:03.893] - CESS 0 1 0 0 0 0 1 0
2025-07-08 16:55:03,942 - INFO - [16:55:03.942] - GAME_STA
2025-07-08 16:55:03,943 - INFO - [16:55:03.943] - RT
2025-07-08 16:55:03,992 - INFO - [16:55:03.992] - GAME_PRO
2025-07-08 16:55:03,993 - INFO - [16:55:03.993] - CESS 0 0 0 0 0 0 0 0
2025-07-08 16:55:04,042 - INFO - [16:55:04.042] - GAME_PRO
2025-07-08 16:55:04,043 - INFO - [16:55:04.042] - CESS 1 0 0 0 0 0 0 0
2025-07-08 16:55:04,092 - INFO - [16:55:04.092] - GAME_PRO
2025-07-08 16:55:04,093 - INFO - [16:55:04.093] - CESS 0 1 0 0 0 0 0 0
2025-07-08 16:55:04,143 - INFO - [16:55:04.142] - GAME_PRO
2025-07-08 16:55:04,143 - INFO - [16:55:04.143] - CESS 0 1 0 0 0 0 0 0
2025-07-08 16:55:04,193 - INFO - [16:55:04.192] - GAME_PRO
2025-07-08 16:55:04,193 - INFO - [16:55:04.193] - CESS 0 1 0 0 0 0 0 1
2025-07-08 16:55:04,243 - INFO - [16:55:04.242] - GAME_PRO
2025-07-08 16:55:04,243 - INFO - [16:55:04.243] - CESS 0 1 0 0 0 0 1 0
2025-07-08 16:55:04,292 - INFO - [16:55:04.292] - GAME_PROC
2025-07-08 16:55:04,293 - INFO - [16:55:04.293] - ESS 0 1 0 0 0 0 1 0
2025-07-08 16:55:04,342 - INFO - [16:55:04.342] - GAME_STA
2025-07-08 16:55:04,343 - INFO - [16:55:04.343] - RT
2025-07-08 16:55:04,392 - INFO - [16:55:04.392] - GAME_PRO
2025-07-08 16:55:04,392 - INFO - [16:55:04.392] - CESS 0 0 0 0 0 0
2025-07-08 16:55:04,396 - INFO - [16:55:04.396] -  0 0
2025-07-08 16:55:04,443 - INFO - [16:55:04.442] - GAME_PRO
2025-07-08 16:55:04,443 - INFO - [16:55:04.443] - CESS 1 0 0 0 0 0 0 0
2025-07-08 16:55:04,492 - INFO - [16:55:04.492] - GAME_PRO
2025-07-08 16:55:04,493 - INFO - [16:55:04.493] - CESS 0 1 0 0 0 0 0 0
2025-07-08 16:55:04,543 - INFO - [16:55:04.542] - GAME_PRO
2025-07-08 16:55:04,543 - INFO - [16:55:04.543] - CESS 0 1 0 0 0 0 0 0
2025-07-08 16:55:05,383 - INFO - [16:55:05.382] - Close COM3 Success
2025-07-08 16:56:20,708 - INFO - [16:56:20.707] - serial type is bouffalo
2025-07-08 16:56:20,708 - ERROR - [16:56:20.708] - Open COM3 Fail
2025-07-08 16:57:07,205 - INFO - [16:57:07.204] - serial type is bouffalo
2025-07-08 16:57:07,233 - INFO - [16:57:07.232] - Open COM3 Success
2025-07-08 16:57:07,261 - INFO - [16:57:07.261] - dynamic
2025-07-08 16:57:07,261 - INFO - [16:57:07.261] - memory init success, ocram heap size = 429 Kbyte
2025-07-08 16:57:07,261 - INFO - ____
2025-07-08 16:57:07,263 - INFO - [16:57:07.263] -          __  __      _       _       _
2025-07-08 16:57:07,263 - INFO - |  _ \             / _|/ _|    | |     | |     | |
2025-07-08 16:57:07,263 - INFO - | |_) | ___  _   _| |_| |_ __ _| | ___ | | __ _| |__
2025-07-08 16:57:07,263 - INFO - |  _ < / _ \| | | |  _|  _/ _` | |/ _ \| |/ _` | '_ \
2025-07-08 16:57:07,263 - INFO - | |_) | (_
2025-07-08 16:57:07,265 - INFO - [16:57:07.264] - ) | |_| | | | || (_| | | (_) | | (_| | |_) |
2025-07-08 16:57:07,266 - INFO - |____/ \___/ \__,_|_| |_| \__,_|_|\___/|_|\__,_|_.__/
2025-07-08 16:57:07,267 - INFO - Build:16:50:40, Jul  8 2025
2025-07-08 16:57:07,268 - INFO - Copyright (c) 2022 Bouffalolab team
2025-07-08 16:57:07,268 - INFO - Version of used
2025-07-08 16:57:07,269 - INFO - [16:57:07.268] - components:
2025-07-08 16:57:07,269 - INFO - Version: component_version_lhal: V2.0.0-123-g811e8c1f-dirty
2025-07-08 16:57:07,269 - INFO - Version: component_version_sdk: 2.2.0
2025-07-08 16:57:07,269 - INFO - Boot2 maybe not exist!
2025-07-08 16:57:07,269 - INFO - ======== flash cfg ========
2025-07-08 16:57:07,269 - INFO - flash clock      80MHz
2025-07-08 16:57:07,269 - INFO - flash delay      105,130,3
2025-07-08 16:57:07,269 - INFO - flash size       0x00800000
2025-07-08 16:57:07,269 - INFO - jedec id         0x1740EF
2025-07-08 16:57:07,269 - INFO - mid              0xEF
2025-07-08 16:57:07,269 - INFO - iomode           0x04
2025-07-08 16:57:07,269 - INFO - clk delay        0x01
2025-07-08 16:57:07,269 - INFO - clk invert       0x03
2025-07-08 16:57:07,269 - INFO - read reg cmd0    0x05
2025-07-08 16:57:07,269 - INFO - read reg cmd1    0x35
2025-07-08 16:57:07,269 - INFO - write reg cmd0   0x01
2025-07-08 16:57:07,269 - INFO - write reg cmd1   0x31
2025-07-08 16:57:07,269 - INFO - qe write len     0x01
2025-07-08 16:57:07,269 - INFO - cread support    0x00
2025-07-08 16:57:07,269 - INFO - cread code       0xFF
2025-07-08 16:57:07,269 - INFO - burst wrap cmd   0x77
2025-07-08 16:57:07,269 - INFO - ===========================
2025-07-08 16:57:07,269 - INFO - uart  sig1:ffffffff, sig2:0000f32f
2025-07-08 16:57:07,269 - INFO - clock gen1:9ffffffd, gen2:0fff0c11
2025-07-08 16:57:07,270 - INFO - board init done
2025-07-08 16:57:07,271 - INFO - ===========================
2025-07-08 16:57:07,271 - INFO - GAME_START
2025-07-08 16:57:07,317 - INFO - [16:57:07.316] - GAME_PRO
2025-07-08 16:57:07,317 - INFO - [16:57:07.317] - CESS 0 0 0 0 0 0 0 0
2025-07-08 16:57:07,367 - INFO - [16:57:07.367] - GAME_PRO
2025-07-08 16:57:07,367 - INFO - [16:57:07.367] - CESS 1 0 0 0 0 0 0 0
2025-07-08 16:57:07,416 - INFO - [16:57:07.416] - GAME_PRO
2025-07-08 16:57:07,417 - INFO - [16:57:07.417] - CESS 0 1 0 0 0 0 0 0
2025-07-08 16:57:07,466 - INFO - [16:57:07.466] - GAME_PRO
2025-07-08 16:57:07,466 - INFO - [16:57:07.466] - CESS 0 1 0 0 0 0 0 0
2025-07-08 16:57:07,517 - INFO - [16:57:07.517] - GAME_PROC
2025-07-08 16:57:07,518 - INFO - [16:57:07.518] - ESS 0 1 0 0 0 0 0 1
2025-07-08 16:57:07,567 - INFO - [16:57:07.567] - GAME_PRO
2025-07-08 16:57:07,568 - INFO - [16:57:07.567] - CESS 0 1 0 0 0 0 1 0
2025-07-08 16:57:07,617 - INFO - [16:57:07.617] - GAME_PRO
2025-07-08 16:57:07,618 - INFO - [16:57:07.618] - CESS 0 1 0 0 0 0 1 0
2025-07-08 16:57:07,667 - INFO - [16:57:07.667] - GAME_STA
2025-07-08 16:57:07,668 - INFO - [16:57:07.668] - RT
2025-07-08 16:57:07,717 - INFO - [16:57:07.717] - GAME_PRO
2025-07-08 16:57:07,717 - INFO - [16:57:07.717] - CESS 0 0 0 0 0 0 0 0
2025-07-08 16:57:07,767 - INFO - [16:57:07.767] - GAME_PRO
2025-07-08 16:57:07,768 - INFO - [16:57:07.768] - CESS 1 0 0 0 0 0 0 0
2025-07-08 16:57:07,817 - INFO - [16:57:07.817] - GAME_PROC
2025-07-08 16:57:07,818 - INFO - [16:57:07.817] - ESS 0 1 0 0 0 0 0 0
2025-07-08 16:57:07,867 - INFO - [16:57:07.866] - GAME_PRO
2025-07-08 16:57:07,869 - INFO - [16:57:07.869] - CESS 0 1 0 0 0 0 0 0
2025-07-08 16:57:07,917 - INFO - [16:57:07.917] - GAME_PRO
2025-07-08 16:57:07,918 - INFO - [16:57:07.918] - CESS 0 1 0 0 0 0 0 1
2025-07-08 16:57:07,968 - INFO - [16:57:07.967] - GAME_PRO
2025-07-08 16:57:07,968 - INFO - [16:57:07.968] - CESS 0 1 0 0 0 0 1 0
2025-07-08 16:57:08,018 - INFO - [16:57:08.017] - GAME_PRO
2025-07-08 16:57:08,018 - INFO - [16:57:08.018] - CESS 0 1 0 0 0 0 1 0
2025-07-08 16:57:08,067 - INFO - [16:57:08.067] - GAME_STA
2025-07-08 16:57:08,069 - INFO - [16:57:08.068] - RT
2025-07-08 16:57:08,117 - INFO - [16:57:08.117] - GAME_PRO
2025-07-08 16:57:08,119 - INFO - [16:57:08.119] - CESS 0 0 0 0 0 0 0 0
2025-07-08 16:57:08,167 - INFO - [16:57:08.167] - GAME_PRO
2025-07-08 16:57:08,168 - INFO - [16:57:08.168] - CESS 1 0 0 0 0 0 0 0
2025-07-08 16:57:08,217 - INFO - [16:57:08.217] - GAME_PRO
2025-07-08 16:57:08,218 - INFO - [16:57:08.217] - CESS 0 1 0 0 0 0 0 0
2025-07-08 16:57:08,267 - INFO - [16:57:08.267] - GAME_PRO
2025-07-08 16:57:08,268 - INFO - [16:57:08.268] - CESS 0 1 0 0 0 0 0 0
2025-07-08 16:57:08,317 - INFO - [16:57:08.317] - GAME_PRO
2025-07-08 16:57:08,317 - INFO - [16:57:08.317] - CESS 0 1 0 0 0 0 0 1
2025-07-08 16:57:08,367 - INFO - [16:57:08.367] - GAME_PRO
2025-07-08 16:57:08,369 - INFO - [16:57:08.369] - CESS 0 1 0 0 0 0 1 0
2025-07-08 16:57:08,417 - INFO - [16:57:08.417] - GAME_PRO
2025-07-08 16:57:08,417 - INFO - [16:57:08.417] - CESS 0 1 0 0 0 0 1 0
2025-07-08 16:57:08,467 - INFO - [16:57:08.467] - GAME_STA
2025-07-08 16:57:08,469 - INFO - [16:57:08.469] - RT
2025-07-08 16:57:08,517 - INFO - [16:57:08.517] - GAME_PRO
2025-07-08 16:57:08,519 - INFO - [16:57:08.517] - CESS 0 0 0 0 0 0 0 0
2025-07-08 16:57:08,567 - INFO - [16:57:08.567] - GAME_PRO
2025-07-08 16:57:08,570 - INFO - [16:57:08.570] - CESS 1 0 0 0 0 0 0 0
2025-07-08 16:57:08,618 - INFO - [16:57:08.617] - GAME_PRO
2025-07-08 16:57:08,619 - INFO - [16:57:08.618] - CESS 0 1 0 0 0 0 0 0
2025-07-08 16:57:08,667 - INFO - [16:57:08.667] - GAME_PRO
2025-07-08 16:57:08,668 - INFO - [16:57:08.668] - CESS 0 1 0 0 0 0 0 0
2025-07-08 16:57:08,717 - INFO - [16:57:08.717] - GAME_PRO
2025-07-08 16:57:08,719 - INFO - [16:57:08.719] - CESS 0 1 0 0 0 0 0 1
2025-07-08 16:57:08,767 - INFO - [16:57:08.767] - GAME_PRO
2025-07-08 16:57:08,769 - INFO - [16:57:08.767] - CESS 0 1 0 0 0 0 1 0
2025-07-08 16:57:08,818 - INFO - [16:57:08.818] - GAME_PRO
2025-07-08 16:57:08,819 - INFO - [16:57:08.819] - CESS 0 1 0 0 0 0 1 0
2025-07-08 16:57:08,868 - INFO - [16:57:08.868] - GAME_STA
2025-07-08 16:57:08,868 - INFO - [16:57:08.868] - RT
2025-07-08 16:57:08,918 - INFO - [16:57:08.918] - GAME_PRO
2025-07-08 16:57:08,919 - INFO - [16:57:08.919] - CESS 0 0 0 0 0 0 0 0
2025-07-08 16:57:08,967 - INFO - [16:57:08.967] - GAME_PRO
2025-07-08 16:57:08,967 - INFO - [16:57:08.967] - CESS 1 0 0 0 0 0 0 0
2025-07-08 16:57:09,018 - INFO - [16:57:09.018] - GAME_PRO
2025-07-08 16:57:09,018 - INFO - [16:57:09.018] - CESS 0 1 0 0 0 0 0 0
2025-07-08 16:57:09,067 - INFO - [16:57:09.067] - GAME_PRO
2025-07-08 16:57:09,068 - INFO - [16:57:09.068] - CESS 0 1 0 0 0 0 0 0
2025-07-08 16:57:09,117 - INFO - [16:57:09.117] - GAME_PRO
2025-07-08 16:57:09,118 - INFO - [16:57:09.118] - CESS 0 1 0 0 0 0 0 1
2025-07-08 16:57:09,168 - INFO - [16:57:09.168] - GAME_PRO
2025-07-08 16:57:09,169 - INFO - [16:57:09.169] - CESS 0 1 0 0 0 0 1 0
2025-07-08 16:57:09,217 - INFO - [16:57:09.217] - GAME_PRO
2025-07-08 16:57:09,218 - INFO - [16:57:09.217] - CESS 0 1 0 0 0 0 1 0
2025-07-08 16:57:09,268 - INFO - [16:57:09.268] - GAME_STAR
2025-07-08 16:57:09,270 - INFO - [16:57:09.270] - T
2025-07-08 16:57:09,318 - INFO - [16:57:09.317] - GAME_PRO
2025-07-08 16:57:09,318 - INFO - [16:57:09.318] - CESS 0 0 0 0 0 0 0 0
2025-07-08 16:57:09,368 - INFO - [16:57:09.367] - GAME_PRO
2025-07-08 16:57:09,368 - INFO - [16:57:09.368] - CESS 1 0 0 0 0 0 0 0
2025-07-08 16:57:09,418 - INFO - [16:57:09.418] - GAME_PRO
2025-07-08 16:57:09,419 - INFO - [16:57:09.419] - CESS 0 1 0 0 0 0 0 0
2025-07-08 16:57:09,468 - INFO - [16:57:09.468] - GAME_PROC
2025-07-08 16:57:09,468 - INFO - [16:57:09.468] - ESS 0 1 0 0 0 0 0 0
2025-07-08 16:57:09,517 - INFO - [16:57:09.517] - GAME_PRO
2025-07-08 16:57:09,518 - INFO - [16:57:09.517] - CESS 0 1 0 0 0 0 0 1
2025-07-08 16:57:09,568 - INFO - [16:57:09.568] - GAME_PRO
2025-07-08 16:57:09,569 - INFO - [16:57:09.569] - CESS 0 1 0 0 0 0 1 0
2025-07-08 16:57:09,617 - INFO - [16:57:09.617] - GAME_PRO
2025-07-08 16:57:09,618 - INFO - [16:57:09.618] - CESS 0 1 0 0 0 0 1 0
2025-07-08 16:57:09,668 - INFO - [16:57:09.668] - GAME_STA
2025-07-08 16:57:09,669 - INFO - [16:57:09.669] - RT
2025-07-08 16:57:09,717 - INFO - [16:57:09.717] - GAME_PRO
2025-07-08 16:57:09,719 - INFO - [16:57:09.719] - CESS 0 0 0 0 0 0 0 0
2025-07-08 16:57:09,768 - INFO - [16:57:09.768] - GAME_PROC
2025-07-08 16:57:09,769 - INFO - [16:57:09.769] - ESS 1 0 0 0 0 0 0 0
2025-07-08 16:57:09,818 - INFO - [16:57:09.818] - GAME_PRO
2025-07-08 16:57:09,819 - INFO - [16:57:09.819] - CESS 0 1 0 0 0 0 0 0
2025-07-08 16:57:09,868 - INFO - [16:57:09.868] - GAME_PRO
2025-07-08 16:57:09,869 - INFO - [16:57:09.869] - CESS 0 1 0 0 0 0 0 0
2025-07-08 16:57:09,918 - INFO - [16:57:09.918] - GAME_PRO
2025-07-08 16:57:09,919 - INFO - [16:57:09.919] - CESS 0 1 0 0 0 0 0 1
2025-07-08 16:57:09,970 - INFO - [16:57:09.968] - GAME_PRO
2025-07-08 16:57:09,970 - INFO - [16:57:09.970] - CESS 0 1 0 0 0 0 1 0
2025-07-08 16:57:10,018 - INFO - [16:57:10.018] - GAME_PRO
2025-07-08 16:57:10,019 - INFO - [16:57:10.019] - CESS 0 1 0 0 0 0 1 0
2025-07-08 16:57:10,068 - INFO - [16:57:10.068] - GAME_STA
2025-07-08 16:57:10,069 - INFO - [16:57:10.069] - RT
2025-07-08 16:57:10,118 - INFO - [16:57:10.118] - GAME_PRO
2025-07-08 16:57:10,118 - INFO - [16:57:10.118] - CESS 0 0 0 0 0 0 0 0
2025-07-08 16:57:10,168 - INFO - [16:57:10.168] - GAME_PRO
2025-07-08 16:57:10,169 - INFO - [16:57:10.169] - CESS 1 0 0 0 0 0 0 0
2025-07-08 16:57:10,218 - INFO - [16:57:10.217] - GAME_PRO
2025-07-08 16:57:10,218 - INFO - [16:57:10.218] - CESS 0 1 0 0 0 0 0 0
2025-07-08 16:57:10,268 - INFO - [16:57:10.268] - GAME_PROC
2025-07-08 16:57:10,269 - INFO - [16:57:10.269] - ESS 0 1 0 0 0 0 0 0
2025-07-08 16:57:10,318 - INFO - [16:57:10.318] - GAME_PRO
2025-07-08 16:57:10,318 - INFO - [16:57:10.318] - CESS 0 1 0 0 0 0 0 1
2025-07-08 16:57:11,277 - INFO - [16:57:11.276] - Close COM3 Success
