2025-07-26 10:45:06 - INFO - 🚀 启动华为STT语音识别API服务...
2025-07-26 10:45:06 - INFO - 服务启动中，初始化STT服务连接...
2025-07-26 10:45:06 - INFO - 开始初始化STT服务连接...
2025-07-26 10:45:06 - INFO - ✅ 成功获取华为云Token
2025-07-26 10:45:06 - INFO - 使用WebSocket地址: wss://sis-ext.cn-north-4.myhuaweicloud.com/v1/88d548d900c3427bb3a60e13674e8178/rasr/continue-stream
2025-07-26 10:45:07 - INFO - ✅ 已成功连接到华为STT服务，连接将被所有请求共享
2025-07-26 10:45:07 - INFO - 📤 已发送开始识别指令
2025-07-26 10:45:07 - INFO - 
[10:45:07] 📥 收到STT服务完整响应:
2025-07-26 10:45:07 - INFO - {
  "resp_type": "START",
  "trace_id": "d2fa19fa-b7d8-45cd-8280-4a9b1f4f9321"
}
2025-07-26 10:45:13 - INFO - 
[10:45:13] 🔗 新的语音识别请求
2025-07-26 10:45:13 - INFO - 
🚀 开始处理音频数据 (总第1个请求)
2025-07-26 10:45:13 - INFO - 📋 音频数据 请求ID: 95bf9962-d605-4665-ae5c-1d49f34167f2
2025-07-26 10:45:13 - INFO - 🔄 音频数据已发送
2025-07-26 10:45:13 - INFO - 
[10:45:13] 🔗 新的语音识别请求
2025-07-26 10:45:13 - INFO - 
🚀 开始处理音频数据 (总第2个请求)
2025-07-26 10:45:13 - INFO - 📋 音频数据 请求ID: 1460e9e5-2c67-4a44-bf4f-f829823c9c43
2025-07-26 10:45:13 - INFO - 🔄 音频数据已发送
2025-07-26 10:45:13 - INFO - 
[10:45:13] 🔗 新的语音识别请求
2025-07-26 10:45:13 - INFO - 
🚀 开始处理音频数据 (总第3个请求)
2025-07-26 10:45:13 - INFO - 📋 音频数据 请求ID: 4de4da13-a4c2-41cb-955a-6e8a3f8af789
2025-07-26 10:45:13 - INFO - 🔄 音频数据已发送
2025-07-26 10:45:13 - INFO - 
[10:45:13] 🔗 新的语音识别请求
2025-07-26 10:45:13 - INFO - 
🚀 开始处理音频数据 (总第4个请求)
2025-07-26 10:45:13 - INFO - 📋 音频数据 请求ID: 726231a9-95d2-4705-8b18-6b6ba6a02bd2
2025-07-26 10:45:13 - INFO - 🔄 音频数据已发送
2025-07-26 10:45:14 - INFO - 
[10:45:14] 🔗 新的语音识别请求
2025-07-26 10:45:14 - INFO - 
🚀 开始处理音频数据 (总第5个请求)
2025-07-26 10:45:14 - INFO - 📋 音频数据 请求ID: 0eaee46a-6404-47b4-aac2-260d10fe3b16
2025-07-26 10:45:14 - INFO - 🔄 音频数据已发送
2025-07-26 10:45:14 - INFO - 
[10:45:14] 🔗 新的语音识别请求
2025-07-26 10:45:14 - INFO - 
🚀 开始处理音频数据 (总第6个请求)
2025-07-26 10:45:14 - INFO - 📋 音频数据 请求ID: 188ec6eb-b4bc-466c-8bc9-83fbd49a2ebc
2025-07-26 10:45:14 - INFO - 🔄 音频数据已发送
2025-07-26 10:45:14 - INFO - 
[10:45:14] 🔗 新的语音识别请求
2025-07-26 10:45:14 - INFO - 
🚀 开始处理音频数据 (总第7个请求)
2025-07-26 10:45:14 - INFO - 📋 音频数据 请求ID: 0add1680-6c0c-46b4-9c22-6e3ceaaceb29
2025-07-26 10:45:14 - INFO - 🔄 音频数据已发送
2025-07-26 10:45:14 - INFO - 
[10:45:14] 🔗 新的语音识别请求
2025-07-26 10:45:14 - INFO - 
🚀 开始处理音频数据 (总第8个请求)
2025-07-26 10:45:14 - INFO - 📋 音频数据 请求ID: a5789ab4-cbb8-406c-a897-9b2285bb7993
2025-07-26 10:45:14 - INFO - 🔄 音频数据已发送
2025-07-26 10:45:14 - INFO - 
[10:45:14] 🔗 新的语音识别请求
2025-07-26 10:45:14 - INFO - 
🚀 开始处理音频数据 (总第9个请求)
2025-07-26 10:45:14 - INFO - 📋 音频数据 请求ID: d56a3722-d5c8-4fba-8125-9283fd935de2
2025-07-26 10:45:14 - INFO - 🔄 音频数据已发送
2025-07-26 10:45:15 - INFO - 
[10:45:15] 🔗 新的语音识别请求
2025-07-26 10:45:15 - INFO - 
🚀 开始处理音频数据 (总第10个请求)
2025-07-26 10:45:15 - INFO - 📋 音频数据 请求ID: d282d305-c727-487e-a10c-d6ec14732b23
2025-07-26 10:45:15 - INFO - 🔄 音频数据已发送
2025-07-26 10:45:15 - INFO - 
[10:45:15] 🔗 新的语音识别请求
2025-07-26 10:45:15 - INFO - 
🚀 开始处理音频数据 (总第11个请求)
2025-07-26 10:45:15 - INFO - 📋 音频数据 请求ID: 4c6223e7-1d6f-44f7-b748-f25dfd993609
2025-07-26 10:45:15 - INFO - 🔄 音频数据已发送
2025-07-26 10:45:15 - INFO - 
[10:45:15] 🔗 新的语音识别请求
2025-07-26 10:45:15 - INFO - 
🚀 开始处理音频数据 (总第12个请求)
2025-07-26 10:45:15 - INFO - 📋 音频数据 请求ID: 8df08063-b77a-41c1-a27f-92b615b4a00a
2025-07-26 10:45:15 - INFO - 🔄 音频数据已发送
2025-07-26 10:45:15 - INFO - 
[10:45:15] 📥 收到STT服务完整响应:
2025-07-26 10:45:15 - INFO - {
  "resp_type": "RESULT",
  "trace_id": "d2fa19fa-b7d8-45cd-8280-4a9b1f4f9321",
  "segments": [
    {
      "start_time": 0,
      "end_time": 1990,
      "is_final": true,
      "result": {
        "text": "比较适合捡尸体。",
        "score": 0.6082782745361328
      }
    }
  ]
}
2025-07-26 10:45:15 - INFO - 
[10:45:15] 🔗 新的语音识别请求
2025-07-26 10:45:15 - INFO - 
🚀 开始处理音频数据 (总第13个请求)
2025-07-26 10:45:15 - INFO - 📋 音频数据 请求ID: 597da101-06ba-479f-92ea-9a3d679b7037
2025-07-26 10:45:15 - INFO - 🔄 音频数据已发送
2025-07-26 10:45:16 - INFO - 
[10:45:16] 🔗 新的语音识别请求
2025-07-26 10:45:16 - INFO - 
🚀 开始处理音频数据 (总第14个请求)
2025-07-26 10:45:16 - INFO - 📋 音频数据 请求ID: 67391f31-f994-4a07-a653-d07c187ed434
2025-07-26 10:45:16 - INFO - 🔄 音频数据已发送
2025-07-26 10:45:16 - INFO - 
[10:45:16] 🔗 新的语音识别请求
2025-07-26 10:45:16 - INFO - 
🚀 开始处理音频数据 (总第15个请求)
2025-07-26 10:45:16 - INFO - 📋 音频数据 请求ID: 7cdd8f76-f4dd-4a6d-9f61-39b5191fecf9
2025-07-26 10:45:16 - INFO - 🔄 音频数据已发送
2025-07-26 10:45:16 - INFO - 
[10:45:16] 🔗 新的语音识别请求
2025-07-26 10:45:16 - INFO - 
🚀 开始处理音频数据 (总第16个请求)
2025-07-26 10:45:16 - INFO - 📋 音频数据 请求ID: 287d5632-5d29-47b9-99c7-065505a7ede8
2025-07-26 10:45:16 - INFO - 🔄 音频数据已发送
2025-07-26 10:45:16 - INFO - 
[10:45:16] 🔗 新的语音识别请求
2025-07-26 10:45:16 - INFO - 
🚀 开始处理音频数据 (总第17个请求)
2025-07-26 10:45:16 - INFO - 📋 音频数据 请求ID: beed2967-8a9d-4dfe-a6cd-d2624b852129
2025-07-26 10:45:16 - INFO - 🔄 音频数据已发送
2025-07-26 10:45:16 - INFO - 
[10:45:16] 🔗 新的语音识别请求
2025-07-26 10:45:16 - INFO - 
🚀 开始处理音频数据 (总第18个请求)
2025-07-26 10:45:16 - INFO - 📋 音频数据 请求ID: eeac095e-8515-4628-9d0c-de8348dd1e0d
2025-07-26 10:45:16 - INFO - 🔄 音频数据已发送
2025-07-26 10:45:16 - INFO - 
[10:45:16] 🔗 新的语音识别请求
2025-07-26 10:45:16 - INFO - 
🚀 开始处理音频数据 (总第19个请求)
2025-07-26 10:45:16 - INFO - 📋 音频数据 请求ID: b330a908-4f45-48cb-b461-7a09311bd530
2025-07-26 10:45:16 - INFO - 🔄 音频数据已发送
2025-07-26 10:45:17 - INFO - 
[10:45:17] 🔗 新的语音识别请求
2025-07-26 10:45:17 - INFO - 
🚀 开始处理音频数据 (总第20个请求)
2025-07-26 10:45:17 - INFO - 📋 音频数据 请求ID: 188576ed-d6cf-44fb-bc79-6e4a4a697ef9
2025-07-26 10:45:17 - INFO - 🔄 音频数据已发送
2025-07-26 10:45:17 - INFO - 
[10:45:17] 🔗 新的语音识别请求
2025-07-26 10:45:17 - INFO - 
🚀 开始处理音频数据 (总第21个请求)
2025-07-26 10:45:17 - INFO - 📋 音频数据 请求ID: 05282297-0a6d-45d8-8cf0-5555d7032f43
2025-07-26 10:45:17 - INFO - 🔄 音频数据已发送
2025-07-26 10:45:17 - INFO - 
[10:45:17] 📥 收到STT服务完整响应:
2025-07-26 10:45:17 - INFO - {
  "resp_type": "RESULT",
  "trace_id": "d2fa19fa-b7d8-45cd-8280-4a9b1f4f9321",
  "segments": [
    {
      "start_time": 1990,
      "end_time": 3980,
      "is_final": true,
      "result": {
        "text": "当然我不知道他有没有那个。",
        "score": 0.8274179100990295
      }
    }
  ]
}
2025-07-26 10:45:17 - INFO - 
[10:45:17] 🔗 新的语音识别请求
2025-07-26 10:45:17 - INFO - 
🚀 开始处理音频数据 (总第22个请求)
2025-07-26 10:45:17 - INFO - 📋 音频数据 请求ID: 1c518438-2619-4df9-8d86-e473b0ba552d
2025-07-26 10:45:17 - INFO - 🔄 音频数据已发送
2025-07-26 10:45:17 - INFO - 
[10:45:17] 🔗 新的语音识别请求
2025-07-26 10:45:17 - INFO - 
🚀 开始处理音频数据 (总第23个请求)
2025-07-26 10:45:17 - INFO - 📋 音频数据 请求ID: bdfc3028-211f-45bf-b033-fac5177d092e
2025-07-26 10:45:17 - INFO - 🔄 音频数据已发送
2025-07-26 10:45:17 - INFO - 
[10:45:17] 🔗 新的语音识别请求
2025-07-26 10:45:17 - INFO - 
🚀 开始处理音频数据 (总第24个请求)
2025-07-26 10:45:17 - INFO - 📋 音频数据 请求ID: 32a95b02-60cb-4819-8387-fd4264ea9652
2025-07-26 10:45:17 - INFO - 🔄 音频数据已发送
2025-07-26 10:45:18 - INFO - 
[10:45:18] 🔗 新的语音识别请求
2025-07-26 10:45:18 - INFO - 
🚀 开始处理音频数据 (总第25个请求)
2025-07-26 10:45:18 - INFO - 📋 音频数据 请求ID: 30a5ec38-138f-4054-8782-8f6cea2093e3
2025-07-26 10:45:18 - INFO - 🔄 音频数据已发送
2025-07-26 10:45:18 - INFO - 
[10:45:18] 🔗 新的语音识别请求
2025-07-26 10:45:18 - INFO - 
🚀 开始处理音频数据 (总第26个请求)
2025-07-26 10:45:18 - INFO - 📋 音频数据 请求ID: d46416c8-5138-49d1-9b3d-a0fd0b73f715
2025-07-26 10:45:18 - INFO - 🔄 音频数据已发送
2025-07-26 10:45:18 - INFO - 
[10:45:18] 🔗 新的语音识别请求
2025-07-26 10:45:18 - INFO - 
🚀 开始处理音频数据 (总第27个请求)
2025-07-26 10:45:18 - INFO - 📋 音频数据 请求ID: eab5c9f0-70ab-465c-add7-274b8dcf2587
2025-07-26 10:45:18 - INFO - 🔄 音频数据已发送
2025-07-26 10:45:18 - INFO - 
[10:45:18] 🔗 新的语音识别请求
2025-07-26 10:45:18 - INFO - 
🚀 开始处理音频数据 (总第28个请求)
2025-07-26 10:45:18 - INFO - 📋 音频数据 请求ID: 2d0a0489-8bbc-46e9-aafb-ad3a7d8a9667
2025-07-26 10:45:18 - INFO - 🔄 音频数据已发送
2025-07-26 10:45:18 - INFO - 
[10:45:18] 🔗 新的语音识别请求
2025-07-26 10:45:18 - INFO - 
🚀 开始处理音频数据 (总第29个请求)
2025-07-26 10:45:18 - INFO - 📋 音频数据 请求ID: 6bc8d3f7-8f03-4a00-ac4e-256ddb4dcefb
2025-07-26 10:45:18 - INFO - 🔄 音频数据已发送
2025-07-26 10:45:19 - INFO - 
[10:45:19] 📥 收到STT服务完整响应:
2025-07-26 10:45:19 - INFO - {
  "resp_type": "RESULT",
  "trace_id": "d2fa19fa-b7d8-45cd-8280-4a9b1f4f9321",
  "segments": [
    {
      "start_time": 3980,
      "end_time": 5650,
      "is_final": true,
      "result": {
        "text": "随机出生点这个。",
        "score": 0.4486774802207947
      }
    }
  ]
}
2025-07-26 10:45:19 - INFO - 
[10:45:19] 🔗 新的语音识别请求
2025-07-26 10:45:19 - INFO - 
🚀 开始处理音频数据 (总第30个请求)
2025-07-26 10:45:19 - INFO - 📋 音频数据 请求ID: ba7137fb-b4b4-4aed-995d-9cfc29ff5887
2025-07-26 10:45:19 - INFO - 🔄 音频数据已发送
2025-07-26 10:45:19 - INFO - 
[10:45:19] 🔗 新的语音识别请求
2025-07-26 10:45:19 - INFO - 
🚀 开始处理音频数据 (总第31个请求)
2025-07-26 10:45:19 - INFO - 📋 音频数据 请求ID: a995ef88-df48-4de5-914f-7af56b3935c6
2025-07-26 10:45:19 - INFO - 🔄 音频数据已发送
2025-07-26 10:45:19 - INFO - 
[10:45:19] 🔗 新的语音识别请求
2025-07-26 10:45:19 - INFO - 
🚀 开始处理音频数据 (总第32个请求)
2025-07-26 10:45:19 - INFO - 📋 音频数据 请求ID: 4af7dc88-9b97-4a84-8e73-0c1259a48356
2025-07-26 10:45:19 - INFO - 🔄 音频数据已发送
2025-07-26 10:45:19 - INFO - 
[10:45:19] 🔗 新的语音识别请求
2025-07-26 10:45:19 - INFO - 
🚀 开始处理音频数据 (总第33个请求)
2025-07-26 10:45:19 - INFO - 📋 音频数据 请求ID: 0be178df-023c-4731-ae87-a43d9917d94f
2025-07-26 10:45:19 - INFO - 🔄 音频数据已发送
2025-07-26 10:45:19 - INFO - 
[10:45:19] 🔗 新的语音识别请求
2025-07-26 10:45:19 - INFO - 
🚀 开始处理音频数据 (总第34个请求)
2025-07-26 10:45:19 - INFO - 📋 音频数据 请求ID: 9363cbfe-b451-457a-a115-6737dfa6b0f4
2025-07-26 10:45:19 - INFO - 🔄 音频数据已发送
2025-07-26 10:45:20 - INFO - 
[10:45:20] 🔗 新的语音识别请求
2025-07-26 10:45:20 - INFO - 
🚀 开始处理音频数据 (总第35个请求)
2025-07-26 10:45:20 - INFO - 📋 音频数据 请求ID: df69b5bf-13c3-4173-a606-9833db441997
2025-07-26 10:45:20 - INFO - 🔄 音频数据已发送
2025-07-26 10:45:20 - INFO - 
[10:45:20] 🔗 新的语音识别请求
2025-07-26 10:45:20 - INFO - 
🚀 开始处理音频数据 (总第36个请求)
2025-07-26 10:45:20 - INFO - 📋 音频数据 请求ID: 976073fc-7457-4ab9-b4eb-433907b08412
2025-07-26 10:45:20 - INFO - 🔄 音频数据已发送
2025-07-26 10:45:20 - INFO - 
[10:45:20] 🔗 新的语音识别请求
2025-07-26 10:45:20 - INFO - 
🚀 开始处理音频数据 (总第37个请求)
2025-07-26 10:45:20 - INFO - 📋 音频数据 请求ID: c8f113d5-a8bf-4abb-b58c-36df19f185d3
2025-07-26 10:45:20 - INFO - 🔄 音频数据已发送
2025-07-26 10:45:20 - INFO - 
[10:45:20] 🔗 新的语音识别请求
2025-07-26 10:45:20 - INFO - 
🚀 开始处理音频数据 (总第38个请求)
2025-07-26 10:45:20 - INFO - 📋 音频数据 请求ID: 85997833-a15e-4a8c-b5fb-b7c5350b19d3
2025-07-26 10:45:20 - INFO - 🔄 音频数据已发送
2025-07-26 10:45:20 - INFO - 
[10:45:20] 🔗 新的语音识别请求
2025-07-26 10:45:20 - INFO - 
🚀 开始处理音频数据 (总第39个请求)
2025-07-26 10:45:20 - INFO - 📋 音频数据 请求ID: 1b16fd5b-1b0b-4a89-898c-7df8bbd1b620
2025-07-26 10:45:20 - INFO - 🔄 音频数据已发送
2025-07-26 10:45:21 - INFO - 
[10:45:21] 🔗 新的语音识别请求
2025-07-26 10:45:21 - INFO - 
🚀 开始处理音频数据 (总第40个请求)
2025-07-26 10:45:21 - INFO - 📋 音频数据 请求ID: 2b3cdd35-cef0-432a-8375-f969678fc295
2025-07-26 10:45:21 - INFO - 🔄 音频数据已发送
2025-07-26 10:45:21 - INFO - 
[10:45:21] 🔗 新的语音识别请求
2025-07-26 10:45:21 - INFO - 
🚀 开始处理音频数据 (总第41个请求)
2025-07-26 10:45:21 - INFO - 📋 音频数据 请求ID: 547fffd4-ae1f-43af-b77b-29d6d18f6f8e
2025-07-26 10:45:21 - INFO - 🔄 音频数据已发送
2025-07-26 10:45:21 - INFO - 
[10:45:21] 🔗 新的语音识别请求
2025-07-26 10:45:21 - INFO - 
🚀 开始处理音频数据 (总第42个请求)
2025-07-26 10:45:21 - INFO - 📋 音频数据 请求ID: 85ee2efd-dc1d-461a-ac7e-b42f7ad2983f
2025-07-26 10:45:21 - INFO - 🔄 音频数据已发送
2025-07-26 10:45:21 - INFO - 
[10:45:21] 📥 收到STT服务完整响应:
2025-07-26 10:45:21 - INFO - {
  "resp_type": "RESULT",
  "trace_id": "d2fa19fa-b7d8-45cd-8280-4a9b1f4f9321",
  "segments": [
    {
      "start_time": 5650,
      "end_time": 8179,
      "is_final": true,
      "result": {
        "text": "对我们大致看一看。",
        "score": 0.8323745727539062
      }
    }
  ]
}
2025-07-26 10:45:21 - INFO - 
[10:45:21] 🔗 新的语音识别请求
2025-07-26 10:45:21 - INFO - 
🚀 开始处理音频数据 (总第43个请求)
2025-07-26 10:45:21 - INFO - 📋 音频数据 请求ID: 215399d7-f554-4d81-9ef4-f2eb892b392c
2025-07-26 10:45:21 - INFO - 🔄 音频数据已发送
2025-07-26 10:45:21 - INFO - 
[10:45:21] 🔗 新的语音识别请求
2025-07-26 10:45:21 - INFO - 
🚀 开始处理音频数据 (总第44个请求)
2025-07-26 10:45:21 - INFO - 📋 音频数据 请求ID: bfb4bd2d-1ecd-4332-b5f3-c23715464b14
2025-07-26 10:45:21 - INFO - 🔄 音频数据已发送
2025-07-26 10:45:22 - INFO - 
[10:45:22] 🔗 新的语音识别请求
2025-07-26 10:45:22 - INFO - 
🚀 开始处理音频数据 (总第45个请求)
2025-07-26 10:45:22 - INFO - 📋 音频数据 请求ID: 2a6cb98a-7116-4bc6-bf51-e30bde6cbadf
2025-07-26 10:45:22 - INFO - 🔄 音频数据已发送
2025-07-26 10:45:22 - INFO - 
[10:45:22] 🔗 新的语音识别请求
2025-07-26 10:45:22 - INFO - 
🚀 开始处理音频数据 (总第46个请求)
2025-07-26 10:45:22 - INFO - 📋 音频数据 请求ID: a708323c-6471-450b-a941-fdd5cd846ddb
2025-07-26 10:45:22 - INFO - 🔄 音频数据已发送
2025-07-26 10:45:22 - INFO - 
[10:45:22] 🔗 新的语音识别请求
2025-07-26 10:45:22 - INFO - 
🚀 开始处理音频数据 (总第47个请求)
2025-07-26 10:45:22 - INFO - 📋 音频数据 请求ID: d6bb2d22-6a16-497c-907d-436eda02d0cd
2025-07-26 10:45:22 - INFO - 🔄 音频数据已发送
2025-07-26 10:45:22 - INFO - 
[10:45:22] 🔗 新的语音识别请求
2025-07-26 10:45:22 - INFO - 
🚀 开始处理音频数据 (总第48个请求)
2025-07-26 10:45:22 - INFO - 📋 音频数据 请求ID: fa8cd75d-f07c-4b78-b2ea-7cbcd814dbb9
2025-07-26 10:45:22 - INFO - 🔄 音频数据已发送
2025-07-26 10:45:22 - INFO - 
[10:45:22] 🔗 新的语音识别请求
2025-07-26 10:45:22 - INFO - 
🚀 开始处理音频数据 (总第49个请求)
2025-07-26 10:45:22 - INFO - 📋 音频数据 请求ID: 502286e5-1829-49c5-b033-68cf43a3e82e
2025-07-26 10:45:22 - INFO - 🔄 音频数据已发送
2025-07-26 10:45:23 - INFO - 
[10:45:23] 🔗 新的语音识别请求
2025-07-26 10:45:23 - INFO - 
🚀 开始处理音频数据 (总第50个请求)
2025-07-26 10:45:23 - INFO - 📋 音频数据 请求ID: db7b7b81-b150-404a-84fe-602f0a9c35d1
2025-07-26 10:45:23 - INFO - 🔄 音频数据已发送
2025-07-26 10:45:23 - INFO - 
[10:45:23] 🔗 新的语音识别请求
2025-07-26 10:45:23 - INFO - 
🚀 开始处理音频数据 (总第51个请求)
2025-07-26 10:45:23 - INFO - 📋 音频数据 请求ID: 81b0f8d5-5605-4dfb-9082-511948eb0f27
2025-07-26 10:45:23 - INFO - 🔄 音频数据已发送
2025-07-26 10:45:23 - INFO - 
[10:45:23] 🔗 新的语音识别请求
2025-07-26 10:45:23 - INFO - 
🚀 开始处理音频数据 (总第52个请求)
2025-07-26 10:45:23 - INFO - 📋 音频数据 请求ID: 8d10aabb-65b8-4405-869d-66e324275e6e
2025-07-26 10:45:23 - INFO - 🔄 音频数据已发送
2025-07-26 10:45:23 - INFO - 
[10:45:23] 🔗 新的语音识别请求
2025-07-26 10:45:23 - INFO - 
🚀 开始处理音频数据 (总第53个请求)
2025-07-26 10:45:23 - INFO - 📋 音频数据 请求ID: cc1925e4-0658-4610-8502-881c85c81c91
2025-07-26 10:45:23 - INFO - 🔄 音频数据已发送
2025-07-26 10:45:23 - INFO - 
[10:45:23] 🔗 新的语音识别请求
2025-07-26 10:45:23 - INFO - 
🚀 开始处理音频数据 (总第54个请求)
2025-07-26 10:45:23 - INFO - 📋 音频数据 请求ID: 132af69a-75a6-480f-8c27-a8344db0067a
2025-07-26 10:45:23 - INFO - 🔄 音频数据已发送
2025-07-26 10:45:24 - INFO - 
[10:45:24] 🔗 新的语音识别请求
2025-07-26 10:45:24 - INFO - 
🚀 开始处理音频数据 (总第55个请求)
2025-07-26 10:45:24 - INFO - 📋 音频数据 请求ID: 24ecbbf7-a93d-42d0-bfc9-03901f87e797
2025-07-26 10:45:24 - INFO - 🔄 音频数据已发送
2025-07-26 10:45:24 - INFO - 
[10:45:24] 🔗 新的语音识别请求
2025-07-26 10:45:24 - INFO - 
🚀 开始处理音频数据 (总第56个请求)
2025-07-26 10:45:24 - INFO - 📋 音频数据 请求ID: 86b67226-f52c-4ae1-997d-6bce29999569
2025-07-26 10:45:24 - INFO - 🔄 音频数据已发送
2025-07-26 10:45:24 - INFO - 
[10:45:24] 🔗 新的语音识别请求
2025-07-26 10:45:24 - INFO - 
🚀 开始处理音频数据 (总第57个请求)
2025-07-26 10:45:24 - INFO - 📋 音频数据 请求ID: ca88d287-5726-4dfa-a81f-0332e4e2992c
2025-07-26 10:45:24 - INFO - 🔄 音频数据已发送
2025-07-26 10:45:24 - INFO - 
[10:45:24] 🔗 新的语音识别请求
2025-07-26 10:45:24 - INFO - 
🚀 开始处理音频数据 (总第58个请求)
2025-07-26 10:45:24 - INFO - 📋 音频数据 请求ID: 683253c8-83a9-4cf1-9c53-46a07a66a22e
2025-07-26 10:45:24 - INFO - 🔄 音频数据已发送
2025-07-26 10:45:24 - INFO - 
[10:45:24] 🔗 新的语音识别请求
2025-07-26 10:45:24 - INFO - 
🚀 开始处理音频数据 (总第59个请求)
2025-07-26 10:45:24 - INFO - 📋 音频数据 请求ID: f3e883a1-e8df-4c00-a638-b4846aa7faca
2025-07-26 10:45:24 - INFO - 🔄 音频数据已发送
2025-07-26 10:45:25 - INFO - 
[10:45:25] 🔗 新的语音识别请求
2025-07-26 10:45:25 - INFO - 
🚀 开始处理音频数据 (总第60个请求)
2025-07-26 10:45:25 - INFO - 📋 音频数据 请求ID: 04abc455-3845-4733-a436-164a969de505
2025-07-26 10:45:25 - INFO - 🔄 音频数据已发送
2025-07-26 10:45:25 - INFO - 
[10:45:25] 🔗 新的语音识别请求
2025-07-26 10:45:25 - INFO - 
🚀 开始处理音频数据 (总第61个请求)
2025-07-26 10:45:25 - INFO - 📋 音频数据 请求ID: d2c70a79-9395-4301-ad48-d34c1bd0aa67
2025-07-26 10:45:25 - INFO - 🔄 音频数据已发送
2025-07-26 10:45:25 - INFO - 
[10:45:25] 🔗 新的语音识别请求
2025-07-26 10:45:25 - INFO - 
🚀 开始处理音频数据 (总第62个请求)
2025-07-26 10:45:25 - INFO - 📋 音频数据 请求ID: 265267bb-955d-44b6-b834-3e1fab025be1
2025-07-26 10:45:25 - INFO - 🔄 音频数据已发送
2025-07-26 10:45:25 - INFO - 
[10:45:25] 🔗 新的语音识别请求
2025-07-26 10:45:25 - INFO - 
🚀 开始处理音频数据 (总第63个请求)
2025-07-26 10:45:25 - INFO - 📋 音频数据 请求ID: 8d803263-0187-467d-8748-5ea76f40d669
2025-07-26 10:45:25 - INFO - 🔄 音频数据已发送
2025-07-26 10:45:25 - INFO - 
[10:45:25] 📥 收到STT服务完整响应:
2025-07-26 10:45:25 - INFO - {
  "resp_type": "RESULT",
  "trace_id": "d2fa19fa-b7d8-45cd-8280-4a9b1f4f9321",
  "segments": [
    {
      "start_time": 8179,
      "end_time": 12380,
      "is_final": true,
      "result": {
        "text": "模板都是四，然后我们就确认吧，直接开始先创作的事界。",
        "score": 0.4212811291217804
      }
    }
  ]
}
2025-07-26 10:45:25 - INFO - 
[10:45:25] 🔗 新的语音识别请求
2025-07-26 10:45:25 - INFO - 
🚀 开始处理音频数据 (总第64个请求)
2025-07-26 10:45:25 - INFO - 📋 音频数据 请求ID: cfd64d7a-0a7b-4555-b263-781c4c02c8a9
2025-07-26 10:45:25 - INFO - 🔄 音频数据已发送
2025-07-26 10:45:26 - INFO - 
[10:45:26] 🔗 新的语音识别请求
2025-07-26 10:45:26 - INFO - 
🚀 开始处理音频数据 (总第65个请求)
2025-07-26 10:45:26 - INFO - 📋 音频数据 请求ID: a973fc18-91c1-45d1-af91-a79ca98a6614
2025-07-26 10:45:26 - INFO - 🔄 音频数据已发送
2025-07-26 10:45:26 - INFO - 
[10:45:26] 🔗 新的语音识别请求
2025-07-26 10:45:26 - INFO - 
🚀 开始处理音频数据 (总第66个请求)
2025-07-26 10:45:26 - INFO - 📋 音频数据 请求ID: 36aa2ac5-782e-4b83-a4e5-6afba23d38cc
2025-07-26 10:45:26 - INFO - 🔄 音频数据已发送
2025-07-26 10:45:26 - INFO - 
[10:45:26] 🔗 新的语音识别请求
2025-07-26 10:45:26 - INFO - 
🚀 开始处理音频数据 (总第67个请求)
2025-07-26 10:45:26 - INFO - 📋 音频数据 请求ID: f663b9dd-4417-49ae-8855-16eca1558c66
2025-07-26 10:45:26 - INFO - 🔄 音频数据已发送
2025-07-26 10:45:26 - INFO - 
[10:45:26] 📥 收到STT服务完整响应:
2025-07-26 10:45:26 - INFO - {
  "resp_type": "RESULT",
  "trace_id": "d2fa19fa-b7d8-45cd-8280-4a9b1f4f9321",
  "segments": [
    {
      "start_time": 12380,
      "end_time": 13380,
      "is_final": true,
      "result": {
        "text": "先玩起来再说。",
        "score": 0.6234883069992065
      }
    }
  ]
}
2025-07-26 10:45:26 - INFO - 
[10:45:26] 🔗 新的语音识别请求
2025-07-26 10:45:26 - INFO - 
🚀 开始处理音频数据 (总第68个请求)
2025-07-26 10:45:26 - INFO - 📋 音频数据 请求ID: 0edf58ea-1795-41d6-b455-c79038f05ca1
2025-07-26 10:45:26 - INFO - 🔄 音频数据已发送
2025-07-26 10:45:26 - INFO - 
[10:45:26] 🔗 新的语音识别请求
2025-07-26 10:45:26 - INFO - 
🚀 开始处理音频数据 (总第69个请求)
2025-07-26 10:45:26 - INFO - 📋 音频数据 请求ID: 32aba834-f77e-46d3-82ec-b5178857f598
2025-07-26 10:45:26 - INFO - 🔄 音频数据已发送
2025-07-26 10:45:27 - INFO - 
[10:45:27] 🔗 新的语音识别请求
2025-07-26 10:45:27 - INFO - 
🚀 开始处理音频数据 (总第70个请求)
2025-07-26 10:45:27 - INFO - 📋 音频数据 请求ID: 86bd924c-5000-4e87-97d7-6118bc253954
2025-07-26 10:45:27 - INFO - 🔄 音频数据已发送
2025-07-26 10:45:27 - INFO - 
[10:45:27] 🔗 新的语音识别请求
2025-07-26 10:45:27 - INFO - 
🚀 开始处理音频数据 (总第71个请求)
2025-07-26 10:45:27 - INFO - 📋 音频数据 请求ID: baab5a27-36e4-483c-904f-796745b361f4
2025-07-26 10:45:27 - INFO - 🔄 音频数据已发送
2025-07-26 10:45:27 - INFO - 
[10:45:27] 🔗 新的语音识别请求
2025-07-26 10:45:27 - INFO - 
🚀 开始处理音频数据 (总第72个请求)
2025-07-26 10:45:27 - INFO - 📋 音频数据 请求ID: 85f2397b-deb2-4a4d-ab38-08929018283d
2025-07-26 10:45:27 - INFO - 🔄 音频数据已发送
2025-07-26 10:45:27 - INFO - 
[10:45:27] 🔗 新的语音识别请求
2025-07-26 10:45:27 - INFO - 
🚀 开始处理音频数据 (总第73个请求)
2025-07-26 10:45:27 - INFO - 📋 音频数据 请求ID: 27c546af-c74f-45b4-9aa5-8a1f7b12f883
2025-07-26 10:45:27 - INFO - 🔄 音频数据已发送
2025-07-26 10:45:28 - INFO - 
[10:45:28] 🔗 新的语音识别请求
2025-07-26 10:45:28 - INFO - 
🚀 开始处理音频数据 (总第74个请求)
2025-07-26 10:45:28 - INFO - 📋 音频数据 请求ID: effc623d-6c01-4274-bfa9-b53a723ce5ee
2025-07-26 10:45:28 - INFO - 🔄 音频数据已发送
2025-07-26 10:45:28 - INFO - 
[10:45:28] 🔗 新的语音识别请求
2025-07-26 10:45:28 - INFO - 
🚀 开始处理音频数据 (总第75个请求)
2025-07-26 10:45:28 - INFO - 📋 音频数据 请求ID: 695e9c06-bf1d-4926-87ba-f1d84d232af5
2025-07-26 10:45:28 - INFO - 🔄 音频数据已发送
2025-07-26 10:45:28 - INFO - 
[10:45:28] 🔗 新的语音识别请求
2025-07-26 10:45:28 - INFO - 
🚀 开始处理音频数据 (总第76个请求)
2025-07-26 10:45:28 - INFO - 📋 音频数据 请求ID: 7a2d9ecf-4966-40f9-8c69-ac201f78e601
2025-07-26 10:45:28 - INFO - 🔄 音频数据已发送
2025-07-26 10:45:28 - INFO - 
[10:45:28] 🔗 新的语音识别请求
2025-07-26 10:45:28 - INFO - 
🚀 开始处理音频数据 (总第77个请求)
2025-07-26 10:45:28 - INFO - 📋 音频数据 请求ID: 38e0594d-fe04-4226-8e90-7878f6a3095d
2025-07-26 10:45:28 - INFO - 🔄 音频数据已发送
2025-07-26 10:45:28 - INFO - 
[10:45:28] 🔗 新的语音识别请求
2025-07-26 10:45:28 - INFO - 
🚀 开始处理音频数据 (总第78个请求)
2025-07-26 10:45:28 - INFO - 📋 音频数据 请求ID: 3dec6f6f-d7d0-438f-b777-fb0dd19249ef
2025-07-26 10:45:28 - INFO - 🔄 音频数据已发送
2025-07-26 10:45:28 - INFO - 
[10:45:28] 📥 收到STT服务完整响应:
2025-07-26 10:45:28 - INFO - {
  "resp_type": "RESULT",
  "trace_id": "d2fa19fa-b7d8-45cd-8280-4a9b1f4f9321",
  "segments": [
    {
      "start_time": 13380,
      "end_time": 15370,
      "is_final": true,
      "result": {
        "text": "好皮肤加载好了。",
        "score": 0.8244023323059082
      }
    }
  ]
}
2025-07-26 10:45:28 - INFO - 
[10:45:28] 🔗 新的语音识别请求
2025-07-26 10:45:28 - INFO - 
🚀 开始处理音频数据 (总第79个请求)
2025-07-26 10:45:28 - INFO - 📋 音频数据 请求ID: 6d11c73e-fa2a-424d-91a7-638c06697719
2025-07-26 10:45:28 - INFO - 🔄 音频数据已发送
2025-07-26 10:45:29 - INFO - 
[10:45:29] 🔗 新的语音识别请求
2025-07-26 10:45:29 - INFO - 
🚀 开始处理音频数据 (总第80个请求)
2025-07-26 10:45:29 - INFO - 📋 音频数据 请求ID: ee223554-4c32-4ded-bad4-072194471c16
2025-07-26 10:45:29 - INFO - 🔄 音频数据已发送
2025-07-26 10:45:29 - INFO - 
[10:45:29] 🔗 新的语音识别请求
2025-07-26 10:45:29 - INFO - 
🚀 开始处理音频数据 (总第81个请求)
2025-07-26 10:45:29 - INFO - 📋 音频数据 请求ID: 2d523a81-78b1-4c96-a8c4-f850c64a2fb3
2025-07-26 10:45:29 - INFO - 🔄 音频数据已发送
2025-07-26 10:45:29 - INFO - 
[10:45:29] 🔗 新的语音识别请求
2025-07-26 10:45:29 - INFO - 
🚀 开始处理音频数据 (总第82个请求)
2025-07-26 10:45:29 - INFO - 📋 音频数据 请求ID: 7014e2c0-212b-4d96-88ea-4c0acead29cc
2025-07-26 10:45:29 - INFO - 🔄 音频数据已发送
2025-07-26 10:45:29 - INFO - 
[10:45:29] 🔗 新的语音识别请求
2025-07-26 10:45:29 - INFO - 
🚀 开始处理音频数据 (总第83个请求)
2025-07-26 10:45:29 - INFO - 📋 音频数据 请求ID: d0c84034-0510-49ff-be6d-f1188b23abe3
2025-07-26 10:45:29 - INFO - 🔄 音频数据已发送
2025-07-26 10:45:29 - INFO - 
[10:45:29] 🔗 新的语音识别请求
2025-07-26 10:45:29 - INFO - 
🚀 开始处理音频数据 (总第84个请求)
2025-07-26 10:45:29 - INFO - 📋 音频数据 请求ID: 907eeb01-9827-4c29-beaa-e56772b6a558
2025-07-26 10:45:29 - INFO - 🔄 音频数据已发送
2025-07-26 10:45:30 - INFO - 
[10:45:30] 🔗 新的语音识别请求
2025-07-26 10:45:30 - INFO - 
🚀 开始处理音频数据 (总第85个请求)
2025-07-26 10:45:30 - INFO - 📋 音频数据 请求ID: 264aadfb-f6b3-4548-815a-b8be378320ed
2025-07-26 10:45:30 - INFO - 🔄 音频数据已发送
2025-07-26 10:45:30 - INFO - 
[10:45:30] 🔗 新的语音识别请求
2025-07-26 10:45:30 - INFO - 
🚀 开始处理音频数据 (总第86个请求)
2025-07-26 10:45:30 - INFO - 📋 音频数据 请求ID: 093e4c21-0958-4c52-ab11-513a4fa4c3bb
2025-07-26 10:45:30 - INFO - 🔄 音频数据已发送
2025-07-26 10:45:30 - INFO - 
[10:45:30] 📥 收到STT服务完整响应:
2025-07-26 10:45:30 - INFO - {
  "resp_type": "RESULT",
  "trace_id": "d2fa19fa-b7d8-45cd-8280-4a9b1f4f9321",
  "segments": [
    {
      "start_time": 15370,
      "end_time": 16980,
      "is_final": true,
      "result": {
        "text": "然后这个是一个什么东西啊。",
        "score": 0.8664783835411072
      }
    }
  ]
}
2025-07-26 10:45:30 - INFO - 
[10:45:30] 🔗 新的语音识别请求
2025-07-26 10:45:30 - INFO - 
🚀 开始处理音频数据 (总第87个请求)
2025-07-26 10:45:30 - INFO - 📋 音频数据 请求ID: 5e707774-c751-48d4-bcc3-88c1a71c8a6a
2025-07-26 10:45:30 - INFO - 🔄 音频数据已发送
2025-07-26 10:45:30 - INFO - 
[10:45:30] 🔗 新的语音识别请求
2025-07-26 10:45:30 - INFO - 
🚀 开始处理音频数据 (总第88个请求)
2025-07-26 10:45:30 - INFO - 📋 音频数据 请求ID: 72532254-13a7-43c3-b5a2-8b81684a9b6c
2025-07-26 10:45:30 - INFO - 🔄 音频数据已发送
2025-07-26 10:45:30 - INFO - 
[10:45:30] 🔗 新的语音识别请求
2025-07-26 10:45:30 - INFO - 
🚀 开始处理音频数据 (总第89个请求)
2025-07-26 10:45:30 - INFO - 📋 音频数据 请求ID: ddaadcf5-8c28-420f-91b9-ba211f2810cc
2025-07-26 10:45:31 - INFO - 🔄 音频数据已发送
2025-07-26 10:45:31 - INFO - 
[10:45:31] 🔗 新的语音识别请求
2025-07-26 10:45:31 - INFO - 
🚀 开始处理音频数据 (总第90个请求)
2025-07-26 10:45:31 - INFO - 📋 音频数据 请求ID: 355f2316-94d8-41af-afe7-895cb30e9d4a
2025-07-26 10:45:31 - INFO - 🔄 音频数据已发送
2025-07-26 10:45:31 - INFO - 
[10:45:31] 🔗 新的语音识别请求
2025-07-26 10:45:31 - INFO - 
🚀 开始处理音频数据 (总第91个请求)
2025-07-26 10:45:31 - INFO - 📋 音频数据 请求ID: e946cbe1-3179-4f52-a4cc-46c70f8ef440
2025-07-26 10:45:31 - INFO - 🔄 音频数据已发送
2025-07-26 10:45:31 - INFO - 
[10:45:31] 📥 收到STT服务完整响应:
2025-07-26 10:45:31 - INFO - {
  "resp_type": "RESULT",
  "trace_id": "d2fa19fa-b7d8-45cd-8280-4a9b1f4f9321",
  "segments": [
    {
      "start_time": 16980,
      "end_time": 18010,
      "is_final": true,
      "result": {
        "text": "点一下吧。",
        "score": 0.8422296047210693
      }
    }
  ]
}
2025-07-26 10:45:31 - INFO - 
[10:45:31] 🔗 新的语音识别请求
2025-07-26 10:45:31 - INFO - 
🚀 开始处理音频数据 (总第92个请求)
2025-07-26 10:45:31 - INFO - 📋 音频数据 请求ID: 290dd44d-052e-43e9-a0cd-9488fe09f2e8
2025-07-26 10:45:31 - INFO - 🔄 音频数据已发送
2025-07-26 10:45:31 - INFO - 
[10:45:31] 🔗 新的语音识别请求
2025-07-26 10:45:31 - INFO - 
🚀 开始处理音频数据 (总第93个请求)
2025-07-26 10:45:31 - INFO - 📋 音频数据 请求ID: ee86f096-2841-4211-9896-741a92777794
2025-07-26 10:45:31 - INFO - 🔄 音频数据已发送
2025-07-26 10:45:31 - INFO - 
[10:45:31] 🔗 新的语音识别请求
2025-07-26 10:45:31 - INFO - 
🚀 开始处理音频数据 (总第94个请求)
2025-07-26 10:45:31 - INFO - 📋 音频数据 请求ID: aa1709dd-8b74-4076-9fae-468ed7263c39
2025-07-26 10:45:31 - INFO - 🔄 音频数据已发送
2025-07-26 10:45:32 - INFO - 
[10:45:32] 🔗 新的语音识别请求
2025-07-26 10:45:32 - INFO - 
🚀 开始处理音频数据 (总第95个请求)
2025-07-26 10:45:32 - INFO - 📋 音频数据 请求ID: eecebab8-8d7b-4cd3-bee6-c18bf132d474
2025-07-26 10:45:32 - INFO - 🔄 音频数据已发送
2025-07-26 10:45:32 - INFO - 
[10:45:32] 🔗 新的语音识别请求
2025-07-26 10:45:32 - INFO - 
🚀 开始处理音频数据 (总第96个请求)
2025-07-26 10:45:32 - INFO - 📋 音频数据 请求ID: 85623ccb-408c-4478-83dc-fb17d9ea3483
2025-07-26 10:45:32 - INFO - 🔄 音频数据已发送
2025-07-26 10:45:32 - INFO - 
[10:45:32] 🔗 新的语音识别请求
2025-07-26 10:45:32 - INFO - 
🚀 开始处理音频数据 (总第97个请求)
2025-07-26 10:45:32 - INFO - 📋 音频数据 请求ID: d594fbfe-4256-4e17-a65f-b3697f913c71
2025-07-26 10:45:32 - INFO - 🔄 音频数据已发送
2025-07-26 10:45:32 - INFO - 
[10:45:32] 🔗 新的语音识别请求
2025-07-26 10:45:32 - INFO - 
🚀 开始处理音频数据 (总第98个请求)
2025-07-26 10:45:32 - INFO - 📋 音频数据 请求ID: 374afca1-b4d5-4e85-9dcb-5ec0a60a22ea
2025-07-26 10:45:32 - INFO - 🔄 音频数据已发送
2025-07-26 10:45:32 - INFO - 
[10:45:32] 🔗 新的语音识别请求
2025-07-26 10:45:32 - INFO - 
🚀 开始处理音频数据 (总第99个请求)
2025-07-26 10:45:32 - INFO - 📋 音频数据 请求ID: ff96d501-253f-431c-90e3-3c4db7f4bdfa
2025-07-26 10:45:32 - INFO - 🔄 音频数据已发送
2025-07-26 10:45:33 - INFO - 
[10:45:33] 🔗 新的语音识别请求
2025-07-26 10:45:33 - INFO - 
🚀 开始处理音频数据 (总第100个请求)
2025-07-26 10:45:33 - INFO - 📋 音频数据 请求ID: 01254032-1f18-4cd6-af10-a3917afef6e4
2025-07-26 10:45:33 - INFO - 🔄 音频数据已发送
2025-07-26 10:45:38 - INFO - 服务关闭中...
2025-07-26 10:45:38 - INFO - 📤 已发送结束识别指令
2025-07-27 23:02:53 - INFO - 🚀 启动华为STT语音识别API服务...
2025-07-27 23:02:53 - INFO - 服务启动中，初始化STT服务连接...
2025-07-27 23:02:53 - INFO - 开始初始化STT服务连接...
2025-07-27 23:02:54 - INFO - ✅ 成功获取华为云Token
2025-07-27 23:02:54 - INFO - 使用WebSocket地址: wss://sis-ext.cn-north-4.myhuaweicloud.com/v1/88d548d900c3427bb3a60e13674e8178/rasr/continue-stream
2025-07-27 23:02:54 - INFO - ✅ 已成功连接到华为STT服务，连接将被所有请求共享
2025-07-27 23:02:54 - INFO - 📤 已发送开始识别指令
2025-07-27 23:02:54 - INFO - 
[23:02:54] 📥 收到STT服务完整响应:
2025-07-27 23:02:54 - INFO - {
  "resp_type": "START",
  "trace_id": "17eb5a47-9c23-43de-a3ae-e3f2b5b728e3"
}
2025-07-27 23:02:55 - INFO - 服务关闭中...
2025-07-27 23:02:55 - INFO - 📤 已发送结束识别指令
2025-07-27 23:15:59 - INFO - 🚀 启动华为STT语音识别API服务...
2025-07-27 23:15:59 - INFO - 服务启动中，初始化STT服务连接...
2025-07-27 23:15:59 - INFO - 开始初始化STT服务连接...
2025-07-27 23:15:59 - INFO - ✅ 成功获取华为云Token
2025-07-27 23:15:59 - INFO - 使用WebSocket地址: wss://sis-ext.cn-north-4.myhuaweicloud.com/v1/88d548d900c3427bb3a60e13674e8178/rasr/continue-stream
2025-07-27 23:15:59 - INFO - ✅ 已成功连接到华为STT服务，连接将被所有请求共享
2025-07-27 23:15:59 - INFO - 📤 已发送开始识别指令
2025-07-27 23:15:59 - INFO - 服务关闭中...
2025-07-27 23:15:59 - INFO - 📤 已发送结束识别指令
2025-07-27 23:56:39 - INFO - 🚀 启动华为STT语音识别API服务...
2025-07-27 23:56:39 - INFO - 服务启动中，初始化STT服务连接...
2025-07-27 23:56:39 - INFO - 开始初始化STT服务连接...
2025-07-27 23:56:40 - INFO - ✅ 成功获取华为云Token
2025-07-27 23:56:40 - INFO - 使用WebSocket地址: wss://sis-ext.cn-north-4.myhuaweicloud.com/v1/88d548d900c3427bb3a60e13674e8178/rasr/continue-stream
2025-07-27 23:56:40 - INFO - ✅ 已成功连接到华为STT服务，连接将被所有请求共享
2025-07-27 23:56:40 - INFO - 📤 已发送开始识别指令
2025-07-27 23:56:40 - INFO - 
[23:56:40] 📥 收到STT服务完整响应:
2025-07-27 23:56:40 - INFO - {
  "resp_type": "START",
  "trace_id": "628c5f11-fa83-4dde-8e58-d5e8a74ed42a"
}
2025-07-27 23:56:46 - INFO - 
[23:56:46] 🔗 新的语音识别请求
2025-07-27 23:56:46 - INFO - 
🚀 开始处理音频数据 (总第1个请求)
2025-07-27 23:56:46 - INFO - 📋 音频数据 请求ID: 3759aa44-2008-4b5b-8130-faefd96315cc
2025-07-27 23:56:46 - INFO - 🔄 音频数据已发送
2025-07-27 23:56:47 - INFO - 
[23:56:47] 🔗 新的语音识别请求
2025-07-27 23:56:47 - INFO - 
🚀 开始处理音频数据 (总第2个请求)
2025-07-27 23:56:47 - INFO - 📋 音频数据 请求ID: 29cbaf13-2b24-4735-a209-ea6467c2940c
2025-07-27 23:56:47 - INFO - 🔄 音频数据已发送
2025-07-27 23:56:47 - INFO - 
[23:56:47] 🔗 新的语音识别请求
2025-07-27 23:56:47 - INFO - 
🚀 开始处理音频数据 (总第3个请求)
2025-07-27 23:56:47 - INFO - 📋 音频数据 请求ID: b9d71790-2f70-4302-995c-044bc49d9840
2025-07-27 23:56:47 - INFO - 🔄 音频数据已发送
2025-07-27 23:56:47 - INFO - 
[23:56:47] 🔗 新的语音识别请求
2025-07-27 23:56:47 - INFO - 
🚀 开始处理音频数据 (总第4个请求)
2025-07-27 23:56:47 - INFO - 📋 音频数据 请求ID: cdc862d6-c37c-4bd8-b18c-5e1a7ee20f44
2025-07-27 23:56:47 - INFO - 🔄 音频数据已发送
2025-07-27 23:56:47 - INFO - 
[23:56:47] 🔗 新的语音识别请求
2025-07-27 23:56:47 - INFO - 
🚀 开始处理音频数据 (总第5个请求)
2025-07-27 23:56:47 - INFO - 📋 音频数据 请求ID: 11c7cba2-0277-42b6-9b84-90fe43f0a836
2025-07-27 23:56:47 - INFO - 🔄 音频数据已发送
2025-07-27 23:56:47 - INFO - 
[23:56:47] 🔗 新的语音识别请求
2025-07-27 23:56:47 - INFO - 
🚀 开始处理音频数据 (总第6个请求)
2025-07-27 23:56:47 - INFO - 📋 音频数据 请求ID: 7b3da90a-9dbd-4b51-8bc1-9c831511046b
2025-07-27 23:56:47 - INFO - 🔄 音频数据已发送
2025-07-27 23:56:48 - INFO - 
[23:56:48] 🔗 新的语音识别请求
2025-07-27 23:56:48 - INFO - 
🚀 开始处理音频数据 (总第7个请求)
2025-07-27 23:56:48 - INFO - 📋 音频数据 请求ID: 6430bbfd-feec-4647-bb82-1688cc98b5e1
2025-07-27 23:56:48 - INFO - 🔄 音频数据已发送
2025-07-27 23:56:48 - INFO - 
[23:56:48] 🔗 新的语音识别请求
2025-07-27 23:56:48 - INFO - 
🚀 开始处理音频数据 (总第8个请求)
2025-07-27 23:56:48 - INFO - 📋 音频数据 请求ID: 88b268b1-50fc-4890-8cd4-83182296c6d3
2025-07-27 23:56:48 - INFO - 🔄 音频数据已发送
2025-07-27 23:56:48 - INFO - 
[23:56:48] 🔗 新的语音识别请求
2025-07-27 23:56:48 - INFO - 
🚀 开始处理音频数据 (总第9个请求)
2025-07-27 23:56:48 - INFO - 📋 音频数据 请求ID: 6359a5cc-a42d-4811-96fb-07eb0698423a
2025-07-27 23:56:48 - INFO - 🔄 音频数据已发送
2025-07-27 23:56:48 - INFO - 
[23:56:48] 🔗 新的语音识别请求
2025-07-27 23:56:48 - INFO - 
🚀 开始处理音频数据 (总第10个请求)
2025-07-27 23:56:48 - INFO - 📋 音频数据 请求ID: faf7c762-f365-4bac-9169-f3c93f5e7b65
2025-07-27 23:56:48 - INFO - 🔄 音频数据已发送
2025-07-27 23:56:48 - INFO - 
[23:56:48] 📥 收到STT服务完整响应:
2025-07-27 23:56:48 - INFO - {
  "resp_type": "RESULT",
  "trace_id": "628c5f11-fa83-4dde-8e58-d5e8a74ed42a",
  "segments": [
    {
      "start_time": 0,
      "end_time": 1670,
      "is_final": true,
      "result": {
        "text": "等级不够吗？",
        "score": 0.8311434388160706
      }
    }
  ]
}
2025-07-27 23:56:48 - INFO - 
[23:56:48] 🔗 新的语音识别请求
2025-07-27 23:56:48 - INFO - 
🚀 开始处理音频数据 (总第11个请求)
2025-07-27 23:56:48 - INFO - 📋 音频数据 请求ID: 06708b41-de23-4b54-87db-e9a7f37b05a1
2025-07-27 23:56:48 - INFO - 🔄 音频数据已发送
2025-07-27 23:56:49 - INFO - 
[23:56:49] 🔗 新的语音识别请求
2025-07-27 23:56:49 - INFO - 
🚀 开始处理音频数据 (总第12个请求)
2025-07-27 23:56:49 - INFO - 📋 音频数据 请求ID: 90f807cb-6fb2-44c4-828e-c14416d6e50c
2025-07-27 23:56:49 - INFO - 🔄 音频数据已发送
2025-07-27 23:56:49 - INFO - 
[23:56:49] 🔗 新的语音识别请求
2025-07-27 23:56:49 - INFO - 
🚀 开始处理音频数据 (总第13个请求)
2025-07-27 23:56:49 - INFO - 📋 音频数据 请求ID: e8ff2e72-cd6e-4864-b1bb-ff8c097b3454
2025-07-27 23:56:49 - INFO - 🔄 音频数据已发送
2025-07-27 23:56:49 - INFO - 
[23:56:49] 🔗 新的语音识别请求
2025-07-27 23:56:49 - INFO - 
🚀 开始处理音频数据 (总第14个请求)
2025-07-27 23:56:49 - INFO - 📋 音频数据 请求ID: 60024b94-6b47-470f-9bf3-18f528f7c836
2025-07-27 23:56:49 - INFO - 🔄 音频数据已发送
2025-07-27 23:56:49 - INFO - 
[23:56:49] 🔗 新的语音识别请求
2025-07-27 23:56:49 - INFO - 
🚀 开始处理音频数据 (总第15个请求)
2025-07-27 23:56:49 - INFO - 📋 音频数据 请求ID: fb0d70bf-6096-40c1-91d9-02fc16295e0e
2025-07-27 23:56:49 - INFO - 🔄 音频数据已发送
2025-07-27 23:56:49 - INFO - 
[23:56:49] 🔗 新的语音识别请求
2025-07-27 23:56:49 - INFO - 
🚀 开始处理音频数据 (总第16个请求)
2025-07-27 23:56:49 - INFO - 📋 音频数据 请求ID: 18c095cb-b6b9-4d0d-8100-2c0ce1778061
2025-07-27 23:56:49 - INFO - 🔄 音频数据已发送
2025-07-27 23:56:50 - INFO - 
[23:56:50] 🔗 新的语音识别请求
2025-07-27 23:56:50 - INFO - 
🚀 开始处理音频数据 (总第17个请求)
2025-07-27 23:56:50 - INFO - 📋 音频数据 请求ID: a1359fb7-80b9-4a4a-ae74-3cd8196d3115
2025-07-27 23:56:50 - INFO - 🔄 音频数据已发送
2025-07-27 23:56:50 - INFO - 
[23:56:50] 🔗 新的语音识别请求
2025-07-27 23:56:50 - INFO - 
🚀 开始处理音频数据 (总第18个请求)
2025-07-27 23:56:50 - INFO - 📋 音频数据 请求ID: ed2b69c6-c880-4bc0-9598-d6a4282d006d
2025-07-27 23:56:50 - INFO - 🔄 音频数据已发送
2025-07-27 23:56:50 - INFO - 
[23:56:50] 🔗 新的语音识别请求
2025-07-27 23:56:50 - INFO - 
🚀 开始处理音频数据 (总第19个请求)
2025-07-27 23:56:50 - INFO - 📋 音频数据 请求ID: db61abb5-722e-44ce-bfa7-1ed8416d1e61
2025-07-27 23:56:50 - INFO - 🔄 音频数据已发送
2025-07-27 23:56:50 - INFO - 
[23:56:50] 🔗 新的语音识别请求
2025-07-27 23:56:50 - INFO - 
🚀 开始处理音频数据 (总第20个请求)
2025-07-27 23:56:50 - INFO - 📋 音频数据 请求ID: caf4f11a-d73a-46f6-9064-28c885072184
2025-07-27 23:56:50 - INFO - 🔄 音频数据已发送
2025-07-27 23:56:50 - INFO - 
[23:56:50] 🔗 新的语音识别请求
2025-07-27 23:56:50 - INFO - 
🚀 开始处理音频数据 (总第21个请求)
2025-07-27 23:56:50 - INFO - 📋 音频数据 请求ID: f9e38d94-94c6-467d-b87d-86956e50223b
2025-07-27 23:56:50 - INFO - 🔄 音频数据已发送
2025-07-27 23:56:51 - INFO - 
[23:56:51] 🔗 新的语音识别请求
2025-07-27 23:56:51 - INFO - 
🚀 开始处理音频数据 (总第22个请求)
2025-07-27 23:56:51 - INFO - 📋 音频数据 请求ID: 82fb49fb-5dd0-4adc-bd8c-439381dc188f
2025-07-27 23:56:51 - INFO - 🔄 音频数据已发送
2025-07-27 23:56:51 - INFO - 
[23:56:51] 🔗 新的语音识别请求
2025-07-27 23:56:51 - INFO - 
🚀 开始处理音频数据 (总第23个请求)
2025-07-27 23:56:51 - INFO - 📋 音频数据 请求ID: 2d744da0-4fb5-4ff7-aad7-2fc6bbbd22c3
2025-07-27 23:56:51 - INFO - 🔄 音频数据已发送
2025-07-27 23:56:51 - INFO - 
[23:56:51] 📥 收到STT服务完整响应:
2025-07-27 23:56:51 - INFO - {
  "resp_type": "RESULT",
  "trace_id": "628c5f11-fa83-4dde-8e58-d5e8a74ed42a",
  "segments": [
    {
      "start_time": 1670,
      "end_time": 4299,
      "is_final": true,
      "result": {
        "text": "是吧，不辛苦辛苦。",
        "score": 0.6415529251098633
      }
    }
  ]
}
2025-07-27 23:56:51 - INFO - 
[23:56:51] 🔗 新的语音识别请求
2025-07-27 23:56:51 - INFO - 
🚀 开始处理音频数据 (总第24个请求)
2025-07-27 23:56:51 - INFO - 📋 音频数据 请求ID: df7b1b22-a270-4de5-93cf-e10cb0be2d22
2025-07-27 23:56:51 - INFO - 🔄 音频数据已发送
2025-07-27 23:56:51 - INFO - 
[23:56:51] 🔗 新的语音识别请求
2025-07-27 23:56:51 - INFO - 
🚀 开始处理音频数据 (总第25个请求)
2025-07-27 23:56:51 - INFO - 📋 音频数据 请求ID: bafc517f-e0e4-4883-ab07-3029aa228078
2025-07-27 23:56:51 - INFO - 🔄 音频数据已发送
2025-07-27 23:56:51 - INFO - 
[23:56:51] 🔗 新的语音识别请求
2025-07-27 23:56:51 - INFO - 
🚀 开始处理音频数据 (总第26个请求)
2025-07-27 23:56:51 - INFO - 📋 音频数据 请求ID: 17094228-cb8f-4f07-8227-a7aec520c9d1
2025-07-27 23:56:51 - INFO - 🔄 音频数据已发送
2025-07-27 23:56:52 - INFO - 
[23:56:52] 🔗 新的语音识别请求
2025-07-27 23:56:52 - INFO - 
🚀 开始处理音频数据 (总第27个请求)
2025-07-27 23:56:52 - INFO - 📋 音频数据 请求ID: 543be536-5e6f-46ca-ae21-c34504a0293b
2025-07-27 23:56:52 - INFO - 🔄 音频数据已发送
2025-07-27 23:56:52 - INFO - 
[23:56:52] 🔗 新的语音识别请求
2025-07-27 23:56:52 - INFO - 
🚀 开始处理音频数据 (总第28个请求)
2025-07-27 23:56:52 - INFO - 📋 音频数据 请求ID: ca0ad563-073a-4b08-835e-a73c4ee0ac0e
2025-07-27 23:56:52 - INFO - 🔄 音频数据已发送
2025-07-27 23:56:52 - INFO - 
[23:56:52] 🔗 新的语音识别请求
2025-07-27 23:56:52 - INFO - 
🚀 开始处理音频数据 (总第29个请求)
2025-07-27 23:56:52 - INFO - 📋 音频数据 请求ID: 10a3e20a-7922-4b06-8c56-ab2b726f9328
2025-07-27 23:56:52 - INFO - 🔄 音频数据已发送
2025-07-27 23:56:52 - INFO - 
[23:56:52] 🔗 新的语音识别请求
2025-07-27 23:56:52 - INFO - 
🚀 开始处理音频数据 (总第30个请求)
2025-07-27 23:56:52 - INFO - 📋 音频数据 请求ID: 6ee14cef-dc86-4733-bd10-6909fc77f79a
2025-07-27 23:56:52 - INFO - 🔄 音频数据已发送
2025-07-27 23:56:52 - INFO - 
[23:56:52] 🔗 新的语音识别请求
2025-07-27 23:56:52 - INFO - 
🚀 开始处理音频数据 (总第31个请求)
2025-07-27 23:56:52 - INFO - 📋 音频数据 请求ID: 82bfd170-9047-47b4-9c8f-c690566cd5a8
2025-07-27 23:56:52 - INFO - 🔄 音频数据已发送
2025-07-27 23:56:53 - INFO - 
[23:56:53] 📥 收到STT服务完整响应:
2025-07-27 23:56:53 - INFO - {
  "resp_type": "RESULT",
  "trace_id": "628c5f11-fa83-4dde-8e58-d5e8a74ed42a",
  "segments": [
    {
      "start_time": 4299,
      "end_time": 5970,
      "is_final": true,
      "result": {
        "text": "这个是。",
        "score": 0.27303987741470337
      }
    }
  ]
}
2025-07-27 23:56:53 - INFO - 
[23:56:53] 🔗 新的语音识别请求
2025-07-27 23:56:53 - INFO - 
🚀 开始处理音频数据 (总第32个请求)
2025-07-27 23:56:53 - INFO - 📋 音频数据 请求ID: 6156431a-e304-4db2-929f-089238f2eecf
2025-07-27 23:56:53 - INFO - 🔄 音频数据已发送
2025-07-27 23:56:53 - INFO - 
[23:56:53] 🔗 新的语音识别请求
2025-07-27 23:56:53 - INFO - 
🚀 开始处理音频数据 (总第33个请求)
2025-07-27 23:56:53 - INFO - 📋 音频数据 请求ID: 90769369-c9d3-4b6d-b537-3b9d808f4aca
2025-07-27 23:56:53 - INFO - 🔄 音频数据已发送
2025-07-27 23:56:53 - INFO - 
[23:56:53] 🔗 新的语音识别请求
2025-07-27 23:56:53 - INFO - 
🚀 开始处理音频数据 (总第34个请求)
2025-07-27 23:56:53 - INFO - 📋 音频数据 请求ID: b6ba6454-5bb2-4d68-9c97-c678f602c4eb
2025-07-27 23:56:53 - INFO - 🔄 音频数据已发送
2025-07-27 23:56:53 - INFO - 
[23:56:53] 🔗 新的语音识别请求
2025-07-27 23:56:53 - INFO - 
🚀 开始处理音频数据 (总第35个请求)
2025-07-27 23:56:53 - INFO - 📋 音频数据 请求ID: c02a6811-c792-42bc-b7b6-659911509918
2025-07-27 23:56:53 - INFO - 🔄 音频数据已发送
2025-07-27 23:56:53 - INFO - 
[23:56:53] 🔗 新的语音识别请求
2025-07-27 23:56:53 - INFO - 
🚀 开始处理音频数据 (总第36个请求)
2025-07-27 23:56:53 - INFO - 📋 音频数据 请求ID: a0860a34-9c20-4172-81b9-abf55e2c2e29
2025-07-27 23:56:53 - INFO - 🔄 音频数据已发送
2025-07-27 23:56:54 - INFO - 
[23:56:54] 🔗 新的语音识别请求
2025-07-27 23:56:54 - INFO - 
🚀 开始处理音频数据 (总第37个请求)
2025-07-27 23:56:54 - INFO - 📋 音频数据 请求ID: 515d0619-825a-4c1d-aaea-f4400cd05370
2025-07-27 23:56:54 - INFO - 🔄 音频数据已发送
2025-07-27 23:56:54 - INFO - 
[23:56:54] 📥 收到STT服务完整响应:
2025-07-27 23:56:54 - INFO - {
  "resp_type": "RESULT",
  "trace_id": "628c5f11-fa83-4dde-8e58-d5e8a74ed42a",
  "segments": [
    {
      "start_time": 5970,
      "end_time": 7319,
      "is_final": true,
      "result": {
        "text": "看看我。",
        "score": 0.5579947829246521
      }
    }
  ]
}
2025-07-27 23:56:54 - INFO - 
[23:56:54] 🔗 新的语音识别请求
2025-07-27 23:56:54 - INFO - 
🚀 开始处理音频数据 (总第38个请求)
2025-07-27 23:56:54 - INFO - 📋 音频数据 请求ID: a377b671-e3d0-46a2-8c60-ae5fbd3ebcab
2025-07-27 23:56:54 - INFO - 🔄 音频数据已发送
2025-07-27 23:56:54 - INFO - 
[23:56:54] 🔗 新的语音识别请求
2025-07-27 23:56:54 - INFO - 
🚀 开始处理音频数据 (总第39个请求)
2025-07-27 23:56:54 - INFO - 📋 音频数据 请求ID: 72d07385-bb8a-47e4-8488-be8837f62eff
2025-07-27 23:56:54 - INFO - 🔄 音频数据已发送
2025-07-27 23:56:54 - INFO - 
[23:56:54] 🔗 新的语音识别请求
2025-07-27 23:56:54 - INFO - 
🚀 开始处理音频数据 (总第40个请求)
2025-07-27 23:56:54 - INFO - 📋 音频数据 请求ID: 7e92f141-498a-4869-80c9-7759715de63b
2025-07-27 23:56:54 - INFO - 🔄 音频数据已发送
2025-07-27 23:56:54 - INFO - 
[23:56:54] 🔗 新的语音识别请求
2025-07-27 23:56:54 - INFO - 
🚀 开始处理音频数据 (总第41个请求)
2025-07-27 23:56:54 - INFO - 📋 音频数据 请求ID: e21fd909-7dfb-4f65-bc1c-26d3b380e92d
2025-07-27 23:56:54 - INFO - 🔄 音频数据已发送
2025-07-27 23:56:55 - INFO - 
[23:56:55] 🔗 新的语音识别请求
2025-07-27 23:56:55 - INFO - 
🚀 开始处理音频数据 (总第42个请求)
2025-07-27 23:56:55 - INFO - 📋 音频数据 请求ID: abe73889-734c-4166-8692-0dec2fbfeb5a
2025-07-27 23:56:55 - INFO - 🔄 音频数据已发送
2025-07-27 23:56:55 - INFO - 
[23:56:55] 🔗 新的语音识别请求
2025-07-27 23:56:55 - INFO - 
🚀 开始处理音频数据 (总第43个请求)
2025-07-27 23:56:55 - INFO - 📋 音频数据 请求ID: f7a1fb71-a72d-4c4b-b4a3-e9b2663727d3
2025-07-27 23:56:55 - INFO - 🔄 音频数据已发送
2025-07-27 23:56:55 - INFO - 
[23:56:55] 🔗 新的语音识别请求
2025-07-27 23:56:55 - INFO - 
🚀 开始处理音频数据 (总第44个请求)
2025-07-27 23:56:55 - INFO - 📋 音频数据 请求ID: d539e78a-433a-403b-bb6e-4c300ac9e3e6
2025-07-27 23:56:55 - INFO - 🔄 音频数据已发送
2025-07-27 23:56:55 - INFO - 
[23:56:55] 🔗 新的语音识别请求
2025-07-27 23:56:55 - INFO - 
🚀 开始处理音频数据 (总第45个请求)
2025-07-27 23:56:55 - INFO - 📋 音频数据 请求ID: fc051af5-e3b3-4659-954c-94141b73f768
2025-07-27 23:56:55 - INFO - 🔄 音频数据已发送
2025-07-27 23:56:55 - INFO - 
[23:56:55] 🔗 新的语音识别请求
2025-07-27 23:56:55 - INFO - 
🚀 开始处理音频数据 (总第46个请求)
2025-07-27 23:56:55 - INFO - 📋 音频数据 请求ID: c881adc9-c4ed-4c0e-8a3a-67be864eb521
2025-07-27 23:56:55 - INFO - 🔄 音频数据已发送
2025-07-27 23:56:56 - INFO - 
[23:56:56] 🔗 新的语音识别请求
2025-07-27 23:56:56 - INFO - 
🚀 开始处理音频数据 (总第47个请求)
2025-07-27 23:56:56 - INFO - 📋 音频数据 请求ID: e91d5bf6-bd36-4b68-93ca-58f04e875e90
2025-07-27 23:56:56 - INFO - 🔄 音频数据已发送
2025-07-27 23:56:56 - INFO - 
[23:56:56] 🔗 新的语音识别请求
2025-07-27 23:56:56 - INFO - 
🚀 开始处理音频数据 (总第48个请求)
2025-07-27 23:56:56 - INFO - 📋 音频数据 请求ID: ab38f8e7-a0d1-41dc-9f63-fd248c5c2cd7
2025-07-27 23:56:56 - INFO - 🔄 音频数据已发送
2025-07-27 23:56:56 - INFO - 
[23:56:56] 🔗 新的语音识别请求
2025-07-27 23:56:56 - INFO - 
🚀 开始处理音频数据 (总第49个请求)
2025-07-27 23:56:56 - INFO - 📋 音频数据 请求ID: 2899e597-9275-49b8-863d-b3105db63383
2025-07-27 23:56:56 - INFO - 🔄 音频数据已发送
2025-07-27 23:56:56 - INFO - 
[23:56:56] 🔗 新的语音识别请求
2025-07-27 23:56:56 - INFO - 
🚀 开始处理音频数据 (总第50个请求)
2025-07-27 23:56:56 - INFO - 📋 音频数据 请求ID: ac6433f6-91d9-4974-aca3-9abcbbe21a36
2025-07-27 23:56:56 - INFO - 🔄 音频数据已发送
2025-07-27 23:56:56 - INFO - 
[23:56:56] 🔗 新的语音识别请求
2025-07-27 23:56:56 - INFO - 
🚀 开始处理音频数据 (总第51个请求)
2025-07-27 23:56:56 - INFO - 📋 音频数据 请求ID: f2197b8e-6c71-45af-8964-ec1ac784afd8
2025-07-27 23:56:56 - INFO - 🔄 音频数据已发送
2025-07-27 23:56:57 - INFO - 
[23:56:57] 🔗 新的语音识别请求
2025-07-27 23:56:57 - INFO - 
🚀 开始处理音频数据 (总第52个请求)
2025-07-27 23:56:57 - INFO - 📋 音频数据 请求ID: 6766dc49-6aa6-434f-af80-3b796504856d
2025-07-27 23:56:57 - INFO - 🔄 音频数据已发送
2025-07-27 23:56:57 - INFO - 
[23:56:57] 🔗 新的语音识别请求
2025-07-27 23:56:57 - INFO - 
🚀 开始处理音频数据 (总第53个请求)
2025-07-27 23:56:57 - INFO - 📋 音频数据 请求ID: 86a57faa-9d93-46f9-b653-00d7d1b145fb
2025-07-27 23:56:57 - INFO - 🔄 音频数据已发送
2025-07-27 23:56:57 - INFO - 
[23:56:57] 🔗 新的语音识别请求
2025-07-27 23:56:57 - INFO - 
🚀 开始处理音频数据 (总第54个请求)
2025-07-27 23:56:57 - INFO - 📋 音频数据 请求ID: f76de4b4-0e65-43a8-b3fe-d737744686a2
2025-07-27 23:56:57 - INFO - 🔄 音频数据已发送
2025-07-27 23:56:57 - INFO - 
[23:56:57] 🔗 新的语音识别请求
2025-07-27 23:56:57 - INFO - 
🚀 开始处理音频数据 (总第55个请求)
2025-07-27 23:56:57 - INFO - 📋 音频数据 请求ID: de1954db-35f2-453c-a93e-7d68676445d1
2025-07-27 23:56:57 - INFO - 🔄 音频数据已发送
2025-07-27 23:56:57 - INFO - 
[23:56:57] 🔗 新的语音识别请求
2025-07-27 23:56:57 - INFO - 
🚀 开始处理音频数据 (总第56个请求)
2025-07-27 23:56:57 - INFO - 📋 音频数据 请求ID: b88205b8-d1c4-4064-af2c-d89734720152
2025-07-27 23:56:57 - INFO - 🔄 音频数据已发送
2025-07-27 23:56:58 - INFO - 
[23:56:58] 🔗 新的语音识别请求
2025-07-27 23:56:58 - INFO - 
🚀 开始处理音频数据 (总第57个请求)
2025-07-27 23:56:58 - INFO - 📋 音频数据 请求ID: c52d9484-2973-4189-8da9-34d13bee7968
2025-07-27 23:56:58 - INFO - 🔄 音频数据已发送
2025-07-27 23:56:58 - INFO - 
[23:56:58] 🔗 新的语音识别请求
2025-07-27 23:56:58 - INFO - 
🚀 开始处理音频数据 (总第58个请求)
2025-07-27 23:56:58 - INFO - 📋 音频数据 请求ID: 31f4dd9e-d3c3-446e-85f7-c38e3af76d88
2025-07-27 23:56:58 - INFO - 🔄 音频数据已发送
2025-07-27 23:56:58 - INFO - 
[23:56:58] 🔗 新的语音识别请求
2025-07-27 23:56:58 - INFO - 
🚀 开始处理音频数据 (总第59个请求)
2025-07-27 23:56:58 - INFO - 📋 音频数据 请求ID: 84e65db8-e373-465a-a2a4-ca03e6b602a9
2025-07-27 23:56:58 - INFO - 🔄 音频数据已发送
2025-07-27 23:56:58 - INFO - 
[23:56:58] 🔗 新的语音识别请求
2025-07-27 23:56:58 - INFO - 
🚀 开始处理音频数据 (总第60个请求)
2025-07-27 23:56:58 - INFO - 📋 音频数据 请求ID: 49a2e9f0-925b-46b9-afff-8466ec09f3d2
2025-07-27 23:56:58 - INFO - 🔄 音频数据已发送
2025-07-27 23:56:58 - INFO - 
[23:56:58] 🔗 新的语音识别请求
2025-07-27 23:56:58 - INFO - 
🚀 开始处理音频数据 (总第61个请求)
2025-07-27 23:56:58 - INFO - 📋 音频数据 请求ID: 17891437-076b-40b4-82c0-388e73ea560c
2025-07-27 23:56:58 - INFO - 🔄 音频数据已发送
2025-07-27 23:56:59 - INFO - 
[23:56:59] 🔗 新的语音识别请求
2025-07-27 23:56:59 - INFO - 
🚀 开始处理音频数据 (总第62个请求)
2025-07-27 23:56:59 - INFO - 📋 音频数据 请求ID: e36f67de-93fd-42d7-9503-c716ed0054ea
2025-07-27 23:56:59 - INFO - 🔄 音频数据已发送
2025-07-27 23:56:59 - INFO - 
[23:56:59] 📥 收到STT服务完整响应:
2025-07-27 23:56:59 - INFO - {
  "resp_type": "RESULT",
  "trace_id": "628c5f11-fa83-4dde-8e58-d5e8a74ed42a",
  "segments": [
    {
      "start_time": 7319,
      "end_time": 12179,
      "is_final": true,
      "result": {
        "text": "还是水里面哇，这个蠕虫哎呀，要要怎么。",
        "score": 0.19449032843112946
      }
    }
  ]
}
2025-07-27 23:56:59 - INFO - 
[23:56:59] 🔗 新的语音识别请求
2025-07-27 23:56:59 - INFO - 
🚀 开始处理音频数据 (总第63个请求)
2025-07-27 23:56:59 - INFO - 📋 音频数据 请求ID: 5893bc92-0ddf-4ba7-ad59-dcffbcc4e9be
2025-07-27 23:56:59 - INFO - 🔄 音频数据已发送
2025-07-27 23:56:59 - INFO - 
[23:56:59] 🔗 新的语音识别请求
2025-07-27 23:56:59 - INFO - 
🚀 开始处理音频数据 (总第64个请求)
2025-07-27 23:56:59 - INFO - 📋 音频数据 请求ID: 51035c5e-4a3e-4c76-9e70-48fea5a27ef4
2025-07-27 23:56:59 - INFO - 🔄 音频数据已发送
2025-07-27 23:56:59 - INFO - 
[23:56:59] 🔗 新的语音识别请求
2025-07-27 23:56:59 - INFO - 
🚀 开始处理音频数据 (总第65个请求)
2025-07-27 23:56:59 - INFO - 📋 音频数据 请求ID: bb54087e-b794-4306-aee0-df22b4177714
2025-07-27 23:56:59 - INFO - 🔄 音频数据已发送
2025-07-27 23:56:59 - INFO - 
[23:56:59] 🔗 新的语音识别请求
2025-07-27 23:56:59 - INFO - 
🚀 开始处理音频数据 (总第66个请求)
2025-07-27 23:56:59 - INFO - 📋 音频数据 请求ID: a320ec91-1620-41fd-8f8b-d36dcc7baa37
2025-07-27 23:56:59 - INFO - 🔄 音频数据已发送
2025-07-27 23:57:00 - INFO - 
[23:57:00] 🔗 新的语音识别请求
2025-07-27 23:57:00 - INFO - 
🚀 开始处理音频数据 (总第67个请求)
2025-07-27 23:57:00 - INFO - 📋 音频数据 请求ID: fd1bf3ec-b3b9-49a2-9137-5695cd9bb862
2025-07-27 23:57:00 - INFO - 🔄 音频数据已发送
2025-07-27 23:57:00 - INFO - 
[23:57:00] 🔗 新的语音识别请求
2025-07-27 23:57:00 - INFO - 
🚀 开始处理音频数据 (总第68个请求)
2025-07-27 23:57:00 - INFO - 📋 音频数据 请求ID: dcfb2fd5-657b-4161-9865-f2c5265200d6
2025-07-27 23:57:00 - INFO - 🔄 音频数据已发送
2025-07-27 23:57:00 - INFO - 
[23:57:00] 🔗 新的语音识别请求
2025-07-27 23:57:00 - INFO - 
🚀 开始处理音频数据 (总第69个请求)
2025-07-27 23:57:00 - INFO - 📋 音频数据 请求ID: 8399c629-e72a-4a0c-a2d8-d70bf9610244
2025-07-27 23:57:00 - INFO - 🔄 音频数据已发送
2025-07-27 23:57:00 - INFO - 
[23:57:00] 🔗 新的语音识别请求
2025-07-27 23:57:00 - INFO - 
🚀 开始处理音频数据 (总第70个请求)
2025-07-27 23:57:00 - INFO - 📋 音频数据 请求ID: 63a5d2f0-4b41-4463-b254-dc8ec1558025
2025-07-27 23:57:00 - INFO - 🔄 音频数据已发送
2025-07-27 23:57:00 - INFO - 
[23:57:00] 🔗 新的语音识别请求
2025-07-27 23:57:00 - INFO - 
🚀 开始处理音频数据 (总第71个请求)
2025-07-27 23:57:00 - INFO - 📋 音频数据 请求ID: 7a38c331-0e27-4d70-8763-3b35eede6990
2025-07-27 23:57:00 - INFO - 🔄 音频数据已发送
2025-07-27 23:57:01 - INFO - 
[23:57:01] 🔗 新的语音识别请求
2025-07-27 23:57:01 - INFO - 
🚀 开始处理音频数据 (总第72个请求)
2025-07-27 23:57:01 - INFO - 📋 音频数据 请求ID: 4b5bb9df-04e9-4c84-bfa9-d00583dd84a9
2025-07-27 23:57:01 - INFO - 🔄 音频数据已发送
2025-07-27 23:57:01 - INFO - 
[23:57:01] 🔗 新的语音识别请求
2025-07-27 23:57:01 - INFO - 
🚀 开始处理音频数据 (总第73个请求)
2025-07-27 23:57:01 - INFO - 📋 音频数据 请求ID: 59b7505d-6914-4c0c-9295-60ac4c32c4aa
2025-07-27 23:57:01 - INFO - 🔄 音频数据已发送
2025-07-27 23:57:01 - INFO - 
[23:57:01] 🔗 新的语音识别请求
2025-07-27 23:57:01 - INFO - 
🚀 开始处理音频数据 (总第74个请求)
2025-07-27 23:57:01 - INFO - 📋 音频数据 请求ID: 34295c21-2d5f-4d78-a2ee-93d024201556
2025-07-27 23:57:01 - INFO - 🔄 音频数据已发送
2025-07-27 23:57:01 - INFO - 
[23:57:01] 🔗 新的语音识别请求
2025-07-27 23:57:01 - INFO - 
🚀 开始处理音频数据 (总第75个请求)
2025-07-27 23:57:01 - INFO - 📋 音频数据 请求ID: 85016548-564d-4f23-892a-4c85966eb5d7
2025-07-27 23:57:01 - INFO - 🔄 音频数据已发送
2025-07-27 23:57:01 - INFO - 
[23:57:01] 🔗 新的语音识别请求
2025-07-27 23:57:01 - INFO - 
🚀 开始处理音频数据 (总第76个请求)
2025-07-27 23:57:01 - INFO - 📋 音频数据 请求ID: 4441677c-d2eb-473b-980b-726b338fd695
2025-07-27 23:57:01 - INFO - 🔄 音频数据已发送
2025-07-27 23:57:02 - INFO - 
[23:57:02] 🔗 新的语音识别请求
2025-07-27 23:57:02 - INFO - 
🚀 开始处理音频数据 (总第77个请求)
2025-07-27 23:57:02 - INFO - 📋 音频数据 请求ID: 19743718-a1a1-4b5d-8a78-8d22bc8d2371
2025-07-27 23:57:02 - INFO - 🔄 音频数据已发送
2025-07-27 23:57:02 - INFO - 
[23:57:02] 🔗 新的语音识别请求
2025-07-27 23:57:02 - INFO - 
🚀 开始处理音频数据 (总第78个请求)
2025-07-27 23:57:02 - INFO - 📋 音频数据 请求ID: 30fd69f7-b60b-4027-9afb-3c3b879403c6
2025-07-27 23:57:02 - INFO - 🔄 音频数据已发送
2025-07-27 23:57:02 - INFO - 
[23:57:02] 🔗 新的语音识别请求
2025-07-27 23:57:02 - INFO - 
🚀 开始处理音频数据 (总第79个请求)
2025-07-27 23:57:02 - INFO - 📋 音频数据 请求ID: d6a628c8-1989-4fe7-bf90-a0186d0bc303
2025-07-27 23:57:02 - INFO - 🔄 音频数据已发送
2025-07-27 23:57:02 - INFO - 
[23:57:02] 🔗 新的语音识别请求
2025-07-27 23:57:02 - INFO - 
🚀 开始处理音频数据 (总第80个请求)
2025-07-27 23:57:02 - INFO - 📋 音频数据 请求ID: aaa2c2dc-3a22-496a-96a2-9330a51a0a1e
2025-07-27 23:57:02 - INFO - 🔄 音频数据已发送
2025-07-27 23:57:02 - INFO - 
[23:57:02] 🔗 新的语音识别请求
2025-07-27 23:57:02 - INFO - 
🚀 开始处理音频数据 (总第81个请求)
2025-07-27 23:57:02 - INFO - 📋 音频数据 请求ID: d26b5456-09be-46e5-b128-82b9b219f35a
2025-07-27 23:57:02 - INFO - 🔄 音频数据已发送
2025-07-27 23:57:03 - INFO - 
[23:57:03] 🔗 新的语音识别请求
2025-07-27 23:57:03 - INFO - 
🚀 开始处理音频数据 (总第82个请求)
2025-07-27 23:57:03 - INFO - 📋 音频数据 请求ID: d50995e0-0e2d-42ca-9959-43c5b069e519
2025-07-27 23:57:03 - INFO - 🔄 音频数据已发送
2025-07-27 23:57:03 - INFO - 
[23:57:03] 🔗 新的语音识别请求
2025-07-27 23:57:03 - INFO - 
🚀 开始处理音频数据 (总第83个请求)
2025-07-27 23:57:03 - INFO - 📋 音频数据 请求ID: 7a35c736-5a47-4958-b631-0bbc50e8b303
2025-07-27 23:57:03 - INFO - 🔄 音频数据已发送
2025-07-27 23:57:03 - INFO - 
[23:57:03] 🔗 新的语音识别请求
2025-07-27 23:57:03 - INFO - 
🚀 开始处理音频数据 (总第84个请求)
2025-07-27 23:57:03 - INFO - 📋 音频数据 请求ID: 9534c593-0f13-4151-935b-9c3f4afe46fa
2025-07-27 23:57:03 - INFO - 🔄 音频数据已发送
2025-07-27 23:57:03 - INFO - 
[23:57:03] 🔗 新的语音识别请求
2025-07-27 23:57:03 - INFO - 
🚀 开始处理音频数据 (总第85个请求)
2025-07-27 23:57:03 - INFO - 📋 音频数据 请求ID: 9abe2887-2fc2-499e-af0e-5fb62685f71b
2025-07-27 23:57:03 - INFO - 🔄 音频数据已发送
2025-07-27 23:57:03 - INFO - 
[23:57:03] 🔗 新的语音识别请求
2025-07-27 23:57:03 - INFO - 
🚀 开始处理音频数据 (总第86个请求)
2025-07-27 23:57:03 - INFO - 📋 音频数据 请求ID: 1123a8c2-06d1-4bb4-bebe-a0d527adbcc2
2025-07-27 23:57:03 - INFO - 🔄 音频数据已发送
2025-07-27 23:57:04 - INFO - 
[23:57:04] 🔗 新的语音识别请求
2025-07-27 23:57:04 - INFO - 
🚀 开始处理音频数据 (总第87个请求)
2025-07-27 23:57:04 - INFO - 📋 音频数据 请求ID: 58bf0279-9519-4ea0-98a7-f671073a6065
2025-07-27 23:57:04 - INFO - 🔄 音频数据已发送
2025-07-27 23:57:04 - INFO - 
[23:57:04] 🔗 新的语音识别请求
2025-07-27 23:57:04 - INFO - 
🚀 开始处理音频数据 (总第88个请求)
2025-07-27 23:57:04 - INFO - 📋 音频数据 请求ID: ccbc30cc-84f2-4f4e-adc4-f2d25325c21f
2025-07-27 23:57:04 - INFO - 🔄 音频数据已发送
2025-07-27 23:57:04 - INFO - 
[23:57:04] 🔗 新的语音识别请求
2025-07-27 23:57:04 - INFO - 
🚀 开始处理音频数据 (总第89个请求)
2025-07-27 23:57:04 - INFO - 📋 音频数据 请求ID: 29872068-466f-40db-bc8d-97583fc94db9
2025-07-27 23:57:04 - INFO - 🔄 音频数据已发送
2025-07-27 23:57:04 - INFO - 
[23:57:04] 🔗 新的语音识别请求
2025-07-27 23:57:04 - INFO - 
🚀 开始处理音频数据 (总第90个请求)
2025-07-27 23:57:04 - INFO - 📋 音频数据 请求ID: b2a09a1d-a91f-426e-a018-400f553b9c4b
2025-07-27 23:57:04 - INFO - 🔄 音频数据已发送
2025-07-27 23:57:04 - INFO - 
[23:57:04] 🔗 新的语音识别请求
2025-07-27 23:57:04 - INFO - 
🚀 开始处理音频数据 (总第91个请求)
2025-07-27 23:57:04 - INFO - 📋 音频数据 请求ID: 6ffc6cf1-98bf-42da-af39-d88950293788
2025-07-27 23:57:04 - INFO - 🔄 音频数据已发送
2025-07-27 23:57:05 - INFO - 
[23:57:05] 🔗 新的语音识别请求
2025-07-27 23:57:05 - INFO - 
🚀 开始处理音频数据 (总第92个请求)
2025-07-27 23:57:05 - INFO - 📋 音频数据 请求ID: 62686a39-aafb-46c9-bc0c-c682d8bd3b01
2025-07-27 23:57:05 - INFO - 🔄 音频数据已发送
2025-07-27 23:57:05 - INFO - 
[23:57:05] 🔗 新的语音识别请求
2025-07-27 23:57:05 - INFO - 
🚀 开始处理音频数据 (总第93个请求)
2025-07-27 23:57:05 - INFO - 📋 音频数据 请求ID: 2e9819ea-bbc6-4436-b8ec-b4bb49ecc51c
2025-07-27 23:57:05 - INFO - 🔄 音频数据已发送
2025-07-27 23:57:05 - INFO - 
[23:57:05] 🔗 新的语音识别请求
2025-07-27 23:57:05 - INFO - 
🚀 开始处理音频数据 (总第94个请求)
2025-07-27 23:57:05 - INFO - 📋 音频数据 请求ID: 63125dba-155e-455f-ae3e-6cc6e1fa0e1e
2025-07-27 23:57:05 - INFO - 🔄 音频数据已发送
2025-07-27 23:57:05 - INFO - 
[23:57:05] 🔗 新的语音识别请求
2025-07-27 23:57:05 - INFO - 
🚀 开始处理音频数据 (总第95个请求)
2025-07-27 23:57:05 - INFO - 📋 音频数据 请求ID: ef6d79ae-32ab-4bd1-a0f8-ff96d274435f
2025-07-27 23:57:05 - INFO - 🔄 音频数据已发送
2025-07-27 23:57:05 - INFO - 
[23:57:05] 🔗 新的语音识别请求
2025-07-27 23:57:05 - INFO - 
🚀 开始处理音频数据 (总第96个请求)
2025-07-27 23:57:05 - INFO - 📋 音频数据 请求ID: dd957cd9-4355-4807-a793-3e9c6e8ab5e5
2025-07-27 23:57:05 - INFO - 🔄 音频数据已发送
2025-07-27 23:57:06 - INFO - 
[23:57:06] 🔗 新的语音识别请求
2025-07-27 23:57:06 - INFO - 
🚀 开始处理音频数据 (总第97个请求)
2025-07-27 23:57:06 - INFO - 📋 音频数据 请求ID: 95561159-5940-46d6-9ae2-d80465d12701
2025-07-27 23:57:06 - INFO - 🔄 音频数据已发送
2025-07-27 23:57:06 - INFO - 
[23:57:06] 🔗 新的语音识别请求
2025-07-27 23:57:06 - INFO - 
🚀 开始处理音频数据 (总第98个请求)
2025-07-27 23:57:06 - INFO - 📋 音频数据 请求ID: e8ce85ef-63f2-4db8-870c-e34332c4e343
2025-07-27 23:57:06 - INFO - 🔄 音频数据已发送
2025-07-27 23:57:06 - INFO - 
[23:57:06] 📥 收到STT服务完整响应:
2025-07-27 23:57:06 - INFO - {
  "resp_type": "RESULT",
  "trace_id": "628c5f11-fa83-4dde-8e58-d5e8a74ed42a",
  "segments": [
    {
      "start_time": 16180,
      "end_time": 19580,
      "is_final": true,
      "result": {
        "text": "我什么一直打我还这么痛我这。",
        "score": 0.27806970477104187
      }
    }
  ]
}
2025-07-27 23:57:06 - INFO - 
[23:57:06] 🔗 新的语音识别请求
2025-07-27 23:57:06 - INFO - 
🚀 开始处理音频数据 (总第99个请求)
2025-07-27 23:57:06 - INFO - 📋 音频数据 请求ID: df5b43f0-a84e-4d7f-9341-720476aac06f
2025-07-27 23:57:06 - INFO - 🔄 音频数据已发送
2025-07-27 23:57:06 - INFO - 
[23:57:06] 🔗 新的语音识别请求
2025-07-27 23:57:06 - INFO - 
🚀 开始处理音频数据 (总第100个请求)
2025-07-27 23:57:06 - INFO - 📋 音频数据 请求ID: 25493923-e0af-45f2-9f36-8c1cd89aefcd
2025-07-27 23:57:06 - INFO - 🔄 音频数据已发送
2025-07-27 23:57:09 - INFO - 服务关闭中...
2025-07-27 23:57:09 - INFO - 📤 已发送结束识别指令
2025-07-28 00:43:36 - INFO - 🚀 启动华为STT语音识别API服务...
2025-07-28 00:43:36 - INFO - 服务启动中，初始化STT服务连接...
2025-07-28 00:43:36 - INFO - 开始初始化STT服务连接...
2025-07-28 00:43:36 - INFO - ✅ 成功获取华为云Token
2025-07-28 00:43:36 - INFO - 使用WebSocket地址: wss://sis-ext.cn-north-4.myhuaweicloud.com/v1/88d548d900c3427bb3a60e13674e8178/rasr/continue-stream
2025-07-28 00:43:36 - INFO - ✅ 已成功连接到华为STT服务，连接将被所有请求共享
2025-07-28 00:43:36 - INFO - 📤 已发送开始识别指令
2025-07-28 00:43:36 - INFO - 
[00:43:36] 📥 收到STT服务完整响应:
2025-07-28 00:43:36 - INFO - {
  "resp_type": "START",
  "trace_id": "d5f76315-07bb-4756-b48e-663c1d9c5b59"
}
2025-07-28 00:43:56 - INFO - 
[00:43:56] 📥 收到STT服务完整响应:
2025-07-28 00:43:56 - INFO - {
  "resp_type": "FATAL_ERROR",
  "trace_id": "d5f76315-07bb-4756-b48e-663c1d9c5b59",
  "error_code": "SIS.0304",
  "error_msg": "wait voice timeout"
}
2025-07-28 00:43:56 - INFO - 
[00:43:56] 📥 收到STT服务完整响应:
2025-07-28 00:43:56 - INFO - {
  "resp_type": "END",
  "trace_id": "d5f76315-07bb-4756-b48e-663c1d9c5b59",
  "reason": "ERROR"
}
2025-07-28 00:43:56 - ERROR - ❌ 与STT服务的连接已关闭
2025-07-28 00:43:56 - INFO - 尝试重新连接STT服务...
2025-07-28 00:43:56 - INFO - 开始初始化STT服务连接...
2025-07-28 00:43:56 - INFO - 使用WebSocket地址: wss://sis-ext.cn-north-4.myhuaweicloud.com/v1/88d548d900c3427bb3a60e13674e8178/rasr/continue-stream
2025-07-28 00:43:57 - INFO - ✅ 已成功连接到华为STT服务，连接将被所有请求共享
2025-07-28 00:43:57 - INFO - 📤 已发送开始识别指令
2025-07-28 00:43:57 - ERROR - ❌ 处理STT响应时出错: cannot call recv while another coroutine is already running recv or recv_streaming
2025-07-28 00:43:57 - INFO - 尝试重新连接STT服务...
2025-07-28 00:43:57 - INFO - 开始初始化STT服务连接...
2025-07-28 00:43:57 - INFO - 使用WebSocket地址: wss://sis-ext.cn-north-4.myhuaweicloud.com/v1/88d548d900c3427bb3a60e13674e8178/rasr/continue-stream
2025-07-28 00:43:57 - INFO - 
[00:43:57] 📥 收到STT服务完整响应:
2025-07-28 00:43:57 - INFO - {
  "resp_type": "START",
  "trace_id": "ef54b043-51a6-4ebe-a4c4-1bc34e35b3fa"
}
2025-07-28 00:43:57 - INFO - 尝试重新连接STT服务...
2025-07-28 00:43:57 - INFO - ✅ 已成功连接到华为STT服务，连接将被所有请求共享
2025-07-28 00:43:57 - INFO - 📤 已发送开始识别指令
2025-07-28 00:43:57 - ERROR - ❌ 处理STT响应时出错: cannot call recv while another coroutine is already running recv or recv_streaming
2025-07-28 00:43:57 - INFO - 尝试重新连接STT服务...
2025-07-28 00:43:57 - INFO - 开始初始化STT服务连接...
2025-07-28 00:43:57 - INFO - 使用WebSocket地址: wss://sis-ext.cn-north-4.myhuaweicloud.com/v1/88d548d900c3427bb3a60e13674e8178/rasr/continue-stream
2025-07-28 00:43:57 - INFO - 
[00:43:57] 📥 收到STT服务完整响应:
2025-07-28 00:43:57 - INFO - {
  "resp_type": "START",
  "trace_id": "79704144-f6d7-4ea2-b898-8b251de765fc"
}
2025-07-28 00:43:57 - INFO - 尝试重新连接STT服务...
2025-07-28 00:43:57 - INFO - ✅ 已成功连接到华为STT服务，连接将被所有请求共享
2025-07-28 00:43:57 - INFO - 📤 已发送开始识别指令
2025-07-28 00:43:57 - ERROR - ❌ 处理STT响应时出错: cannot call recv while another coroutine is already running recv or recv_streaming
2025-07-28 00:43:57 - INFO - 尝试重新连接STT服务...
2025-07-28 00:43:57 - INFO - 开始初始化STT服务连接...
2025-07-28 00:43:57 - INFO - 使用WebSocket地址: wss://sis-ext.cn-north-4.myhuaweicloud.com/v1/88d548d900c3427bb3a60e13674e8178/rasr/continue-stream
2025-07-28 00:43:57 - INFO - 
[00:43:57] 📥 收到STT服务完整响应:
2025-07-28 00:43:57 - INFO - {
  "resp_type": "START",
  "trace_id": "3f8deb94-c89a-4621-8321-ee98e1628e5f"
}
2025-07-28 00:43:57 - INFO - 尝试重新连接STT服务...
2025-07-28 00:43:58 - INFO - ✅ 已成功连接到华为STT服务，连接将被所有请求共享
2025-07-28 00:43:58 - INFO - 📤 已发送开始识别指令
2025-07-28 00:43:58 - ERROR - ❌ 处理STT响应时出错: cannot call recv while another coroutine is already running recv or recv_streaming
2025-07-28 00:43:58 - INFO - 尝试重新连接STT服务...
2025-07-28 00:43:58 - INFO - 开始初始化STT服务连接...
2025-07-28 00:43:58 - INFO - 使用WebSocket地址: wss://sis-ext.cn-north-4.myhuaweicloud.com/v1/88d548d900c3427bb3a60e13674e8178/rasr/continue-stream
2025-07-28 00:43:58 - INFO - 
[00:43:58] 📥 收到STT服务完整响应:
2025-07-28 00:43:58 - INFO - {
  "resp_type": "START",
  "trace_id": "38180c84-6251-46e8-9b23-29f5008454c3"
}
2025-07-28 00:43:58 - INFO - 尝试重新连接STT服务...
2025-07-28 00:43:58 - INFO - ✅ 已成功连接到华为STT服务，连接将被所有请求共享
2025-07-28 00:43:58 - INFO - 📤 已发送开始识别指令
2025-07-28 00:43:58 - ERROR - ❌ 处理STT响应时出错: cannot call recv while another coroutine is already running recv or recv_streaming
2025-07-28 00:43:58 - INFO - 尝试重新连接STT服务...
2025-07-28 00:43:58 - INFO - 开始初始化STT服务连接...
2025-07-28 00:43:58 - INFO - 使用WebSocket地址: wss://sis-ext.cn-north-4.myhuaweicloud.com/v1/88d548d900c3427bb3a60e13674e8178/rasr/continue-stream
2025-07-28 00:43:58 - INFO - 
[00:43:58] 📥 收到STT服务完整响应:
2025-07-28 00:43:58 - INFO - {
  "resp_type": "START",
  "trace_id": "cca431f2-c5c4-43e9-abfd-af81dd8c5715"
}
2025-07-28 00:43:58 - INFO - 尝试重新连接STT服务...
2025-07-28 00:43:58 - INFO - ✅ 已成功连接到华为STT服务，连接将被所有请求共享
2025-07-28 00:43:58 - INFO - 📤 已发送开始识别指令
2025-07-28 00:43:58 - ERROR - ❌ 处理STT响应时出错: cannot call recv while another coroutine is already running recv or recv_streaming
2025-07-28 00:43:58 - INFO - 尝试重新连接STT服务...
2025-07-28 00:43:58 - INFO - 开始初始化STT服务连接...
2025-07-28 00:43:58 - INFO - 使用WebSocket地址: wss://sis-ext.cn-north-4.myhuaweicloud.com/v1/88d548d900c3427bb3a60e13674e8178/rasr/continue-stream
2025-07-28 00:43:58 - INFO - 
[00:43:58] 📥 收到STT服务完整响应:
2025-07-28 00:43:58 - INFO - {
  "resp_type": "START",
  "trace_id": "b21f6d96-c99b-4294-a807-460085d67a26"
}
2025-07-28 00:43:58 - INFO - 尝试重新连接STT服务...
2025-07-28 00:43:58 - INFO - ✅ 已成功连接到华为STT服务，连接将被所有请求共享
2025-07-28 00:43:58 - INFO - 📤 已发送开始识别指令
2025-07-28 00:43:58 - ERROR - ❌ 处理STT响应时出错: cannot call recv while another coroutine is already running recv or recv_streaming
2025-07-28 00:43:58 - INFO - 尝试重新连接STT服务...
2025-07-28 00:43:58 - INFO - 开始初始化STT服务连接...
2025-07-28 00:43:58 - INFO - 使用WebSocket地址: wss://sis-ext.cn-north-4.myhuaweicloud.com/v1/88d548d900c3427bb3a60e13674e8178/rasr/continue-stream
2025-07-28 00:43:58 - INFO - 
[00:43:58] 📥 收到STT服务完整响应:
2025-07-28 00:43:58 - INFO - {
  "resp_type": "START",
  "trace_id": "2e5be8a8-58e8-4221-aba6-9c47daf88565"
}
2025-07-28 00:43:58 - INFO - 尝试重新连接STT服务...
2025-07-28 00:43:58 - INFO - ✅ 已成功连接到华为STT服务，连接将被所有请求共享
2025-07-28 00:43:58 - INFO - 📤 已发送开始识别指令
2025-07-28 00:43:58 - ERROR - ❌ 处理STT响应时出错: cannot call recv while another coroutine is already running recv or recv_streaming
2025-07-28 00:43:58 - INFO - 尝试重新连接STT服务...
2025-07-28 00:43:58 - INFO - 开始初始化STT服务连接...
2025-07-28 00:43:58 - INFO - 使用WebSocket地址: wss://sis-ext.cn-north-4.myhuaweicloud.com/v1/88d548d900c3427bb3a60e13674e8178/rasr/continue-stream
2025-07-28 00:43:59 - INFO - 
[00:43:59] 📥 收到STT服务完整响应:
2025-07-28 00:43:59 - INFO - {
  "resp_type": "START",
  "trace_id": "13f4f37c-7f86-489a-aa67-94413a20b8ae"
}
2025-07-28 00:43:59 - INFO - 尝试重新连接STT服务...
2025-07-28 00:43:59 - INFO - 服务关闭中...
2025-07-28 00:43:59 - WARNING - ⚠️ 发送结束指令失败，STT连接已关闭
2025-07-28 00:44:41 - INFO - 🚀 启动华为STT语音识别API服务...
2025-07-28 00:44:41 - INFO - 服务启动中，初始化STT服务连接...
2025-07-28 00:45:57 - INFO - 服务关闭中...
2025-07-28 00:45:57 - WARNING - ⚠️ 发送结束指令失败，STT连接已关闭
2025-07-28 00:45:59 - INFO - 🚀 启动华为STT语音识别API服务...
2025-07-28 00:45:59 - INFO - 服务启动中，初始化STT服务连接...
2025-07-28 00:52:11 - INFO - 服务关闭中...
2025-07-28 00:52:11 - WARNING - ⚠️ 发送结束指令失败，STT连接已关闭
2025-07-28 00:52:13 - INFO - 🚀 启动华为STT语音识别API服务...
2025-07-28 00:52:13 - INFO - 服务启动中，初始化STT服务连接...
2025-07-28 00:52:28 - INFO - 收到的请求头: {'host': '192.168.85.89', 'connection': 'close', 'user-agent': 'BL-HttpClient/1.0', 'content-type': 'application/octet-stream', 'content-length': '12800'}
2025-07-28 00:52:28 - INFO - 收到的请求头: {'host': '192.168.85.89', 'connection': 'close', 'user-agent': 'BL-HttpClient/1.0', 'content-type': 'application/octet-stream', 'content-length': '12800'}
2025-07-28 00:52:28 - INFO - 收到的请求头: {'host': '192.168.85.89', 'connection': 'close', 'user-agent': 'BL-HttpClient/1.0', 'content-type': 'application/octet-stream', 'content-length': '12800'}
2025-07-28 00:52:29 - INFO - 收到的请求头: {'host': '192.168.85.89', 'connection': 'close', 'user-agent': 'BL-HttpClient/1.0', 'content-type': 'application/octet-stream', 'content-length': '12800'}
2025-07-28 00:52:29 - INFO - 收到的请求头: {'host': '192.168.85.89', 'connection': 'close', 'user-agent': 'BL-HttpClient/1.0', 'content-type': 'application/octet-stream', 'content-length': '12800'}
2025-07-28 00:52:29 - INFO - 收到的请求头: {'host': '192.168.85.89', 'connection': 'close', 'user-agent': 'BL-HttpClient/1.0', 'content-type': 'application/octet-stream', 'content-length': '12800'}
2025-07-28 00:52:29 - INFO - 收到的请求头: {'host': '192.168.85.89', 'connection': 'close', 'user-agent': 'BL-HttpClient/1.0', 'content-type': 'application/octet-stream', 'content-length': '12800'}
2025-07-28 00:52:29 - INFO - 收到的请求头: {'host': '192.168.85.89', 'connection': 'close', 'user-agent': 'BL-HttpClient/1.0', 'content-type': 'application/octet-stream', 'content-length': '12800'}
2025-07-28 00:52:30 - INFO - 收到的请求头: {'host': '192.168.85.89', 'connection': 'close', 'user-agent': 'BL-HttpClient/1.0', 'content-type': 'application/octet-stream', 'content-length': '12800'}
2025-07-28 00:52:30 - INFO - 收到的请求头: {'host': '192.168.85.89', 'connection': 'close', 'user-agent': 'BL-HttpClient/1.0', 'content-type': 'application/octet-stream', 'content-length': '12800'}
2025-07-28 00:52:30 - INFO - 收到的请求头: {'host': '192.168.85.89', 'connection': 'close', 'user-agent': 'BL-HttpClient/1.0', 'content-type': 'application/octet-stream', 'content-length': '12800'}
2025-07-28 00:52:30 - INFO - 收到的请求头: {'host': '192.168.85.89', 'connection': 'close', 'user-agent': 'BL-HttpClient/1.0', 'content-type': 'application/octet-stream', 'content-length': '12800'}
2025-07-28 00:52:30 - INFO - 收到的请求头: {'host': '192.168.85.89', 'connection': 'close', 'user-agent': 'BL-HttpClient/1.0', 'content-type': 'application/octet-stream', 'content-length': '12800'}
2025-07-28 00:52:31 - INFO - 收到的请求头: {'host': '192.168.85.89', 'connection': 'close', 'user-agent': 'BL-HttpClient/1.0', 'content-type': 'application/octet-stream', 'content-length': '12800'}
2025-07-28 00:52:31 - INFO - 收到的请求头: {'host': '192.168.85.89', 'connection': 'close', 'user-agent': 'BL-HttpClient/1.0', 'content-type': 'application/octet-stream', 'content-length': '12800'}
2025-07-28 00:52:31 - INFO - 收到的请求头: {'host': '192.168.85.89', 'connection': 'close', 'user-agent': 'BL-HttpClient/1.0', 'content-type': 'application/octet-stream', 'content-length': '12800'}
2025-07-28 00:52:31 - INFO - 收到的请求头: {'host': '192.168.85.89', 'connection': 'close', 'user-agent': 'BL-HttpClient/1.0', 'content-type': 'application/octet-stream', 'content-length': '12800'}
2025-07-28 00:52:31 - INFO - 收到的请求头: {'host': '192.168.85.89', 'connection': 'close', 'user-agent': 'BL-HttpClient/1.0', 'content-type': 'application/octet-stream', 'content-length': '12800'}
2025-07-28 00:52:32 - INFO - 收到的请求头: {'host': '192.168.85.89', 'connection': 'close', 'user-agent': 'BL-HttpClient/1.0', 'content-type': 'application/octet-stream', 'content-length': '12800'}
2025-07-28 00:52:32 - INFO - 收到的请求头: {'host': '192.168.85.89', 'connection': 'close', 'user-agent': 'BL-HttpClient/1.0', 'content-type': 'application/octet-stream', 'content-length': '12800'}
2025-07-28 00:52:32 - INFO - 收到的请求头: {'host': '192.168.85.89', 'connection': 'close', 'user-agent': 'BL-HttpClient/1.0', 'content-type': 'application/octet-stream', 'content-length': '12800'}
2025-07-28 00:52:32 - INFO - 收到的请求头: {'host': '192.168.85.89', 'connection': 'close', 'user-agent': 'BL-HttpClient/1.0', 'content-type': 'application/octet-stream', 'content-length': '12800'}
2025-07-28 00:52:32 - INFO - 收到的请求头: {'host': '192.168.85.89', 'connection': 'close', 'user-agent': 'BL-HttpClient/1.0', 'content-type': 'application/octet-stream', 'content-length': '12800'}
2025-07-28 00:52:33 - INFO - 收到的请求头: {'host': '192.168.85.89', 'connection': 'close', 'user-agent': 'BL-HttpClient/1.0', 'content-type': 'application/octet-stream', 'content-length': '12800'}
2025-07-28 00:52:33 - INFO - 收到的请求头: {'host': '192.168.85.89', 'connection': 'close', 'user-agent': 'BL-HttpClient/1.0', 'content-type': 'application/octet-stream', 'content-length': '12800'}
2025-07-28 00:52:33 - INFO - 收到的请求头: {'host': '192.168.85.89', 'connection': 'close', 'user-agent': 'BL-HttpClient/1.0', 'content-type': 'application/octet-stream', 'content-length': '12800'}
2025-07-28 00:52:33 - INFO - 收到的请求头: {'host': '192.168.85.89', 'connection': 'close', 'user-agent': 'BL-HttpClient/1.0', 'content-type': 'application/octet-stream', 'content-length': '12800'}
2025-07-28 00:52:33 - INFO - 收到的请求头: {'host': '192.168.85.89', 'connection': 'close', 'user-agent': 'BL-HttpClient/1.0', 'content-type': 'application/octet-stream', 'content-length': '12800'}
2025-07-28 00:52:34 - INFO - 收到的请求头: {'host': '192.168.85.89', 'connection': 'close', 'user-agent': 'BL-HttpClient/1.0', 'content-type': 'application/octet-stream', 'content-length': '12800'}
2025-07-28 00:52:34 - INFO - 收到的请求头: {'host': '192.168.85.89', 'connection': 'close', 'user-agent': 'BL-HttpClient/1.0', 'content-type': 'application/octet-stream', 'content-length': '12800'}
2025-07-28 00:52:34 - INFO - 收到的请求头: {'host': '192.168.85.89', 'connection': 'close', 'user-agent': 'BL-HttpClient/1.0', 'content-type': 'application/octet-stream', 'content-length': '12800'}
2025-07-28 00:52:34 - INFO - 收到的请求头: {'host': '192.168.85.89', 'connection': 'close', 'user-agent': 'BL-HttpClient/1.0', 'content-type': 'application/octet-stream', 'content-length': '12800'}
2025-07-28 00:52:34 - INFO - 服务关闭中...
2025-07-28 00:52:34 - WARNING - ⚠️ 发送结束指令失败，STT连接已关闭
2025-07-28 00:56:40 - INFO - 🚀 启动华为STT语音识别API服务...
2025-07-28 00:56:41 - INFO - 服务启动中，初始化STT服务连接...
2025-07-28 00:56:54 - INFO - 收到的请求头: {'host': '192.168.85.89', 'connection': 'Keep-Alive', 'user-agent': 'BL-HttpClient/1.0', 'content-type': 'application/octet-stream', 'content-length': '12800'}
2025-07-28 00:56:59 - INFO - 收到的请求头: {'host': '192.168.85.89', 'connection': 'Keep-Alive', 'user-agent': 'BL-HttpClient/1.0', 'content-type': 'application/octet-stream', 'content-length': '12800'}
2025-07-28 00:57:04 - INFO - 收到的请求头: {'host': '192.168.85.89', 'connection': 'Keep-Alive', 'user-agent': 'BL-HttpClient/1.0', 'content-type': 'application/octet-stream', 'content-length': '12800'}
2025-07-28 00:57:09 - INFO - 收到的请求头: {'host': '192.168.85.89', 'connection': 'Keep-Alive', 'user-agent': 'BL-HttpClient/1.0', 'content-type': 'application/octet-stream', 'content-length': '12800'}
2025-07-28 00:57:13 - INFO - 服务关闭中...
2025-07-28 00:57:13 - WARNING - ⚠️ 发送结束指令失败，STT连接已关闭
